[0.070s] DEBUG:colcon:Command line arguments: ['/usr/bin/colcon', 'build', '--packages-select', 'mission_control']
[0.070s] DEBUG:colcon:Parsed command line arguments: Namespace(log_base=None, log_level=None, verb_name='build', build_base='build', install_base='install', merge_install=False, symlink_install=False, test_result_base=None, continue_on_error=False, executor='parallel', parallel_workers=12, event_handlers=None, ignore_user_meta=False, metas=['./colcon.meta'], base_paths=['.'], packages_ignore=None, packages_ignore_regex=None, paths=None, packages_up_to=None, packages_up_to_regex=None, packages_above=None, packages_above_and_dependencies=None, packages_above_depth=None, packages_select_by_dep=None, packages_skip_by_dep=None, packages_skip_up_to=None, packages_select_build_failed=False, packages_skip_build_finished=False, packages_select_test_failures=False, packages_skip_test_passed=False, packages_select=['mission_control'], packages_skip=None, packages_select_regex=None, packages_skip_regex=None, packages_start=None, packages_end=None, allow_overriding=[], cmake_args=None, cmake_target=None, cmake_target_skip_unavailable=False, cmake_clean_cache=False, cmake_clean_first=False, cmake_force_configure=False, ament_cmake_args=None, catkin_cmake_args=None, catkin_skip_building_tests=False, mixin_files=None, mixin=None, verb_parser=<colcon_mixin.mixin.mixin_argument.MixinArgumentDecorator object at 0x7b55ca746d40>, verb_extension=<colcon_core.verb.build.BuildVerb object at 0x7b55ca746860>, main=<bound method BuildVerb.main of <colcon_core.verb.build.BuildVerb object at 0x7b55ca746860>>, mixin_verb=('build',))
[0.179s] Level 1:colcon.colcon_core.package_discovery:discover_packages(colcon_meta) check parameters
[0.179s] Level 1:colcon.colcon_core.package_discovery:discover_packages(recursive) check parameters
[0.179s] Level 1:colcon.colcon_core.package_discovery:discover_packages(ignore) check parameters
[0.179s] Level 1:colcon.colcon_core.package_discovery:discover_packages(path) check parameters
[0.179s] Level 1:colcon.colcon_core.package_discovery:discover_packages(colcon_meta) discover
[0.179s] Level 1:colcon.colcon_core.package_discovery:discover_packages(recursive) discover
[0.179s] INFO:colcon.colcon_core.package_discovery:Crawling recursively for packages in '/home/joe/ysdrone_2024'
[0.179s] Level 1:colcon.colcon_core.package_identification:_identify(.) by extensions ['ignore', 'ignore_ament_install']
[0.179s] Level 1:colcon.colcon_core.package_identification:_identify(.) by extension 'ignore'
[0.179s] Level 1:colcon.colcon_core.package_identification:_identify(.) by extension 'ignore_ament_install'
[0.179s] Level 1:colcon.colcon_core.package_identification:_identify(.) by extensions ['colcon_pkg']
[0.179s] Level 1:colcon.colcon_core.package_identification:_identify(.) by extension 'colcon_pkg'
[0.179s] Level 1:colcon.colcon_core.package_identification:_identify(.) by extensions ['colcon_meta']
[0.179s] Level 1:colcon.colcon_core.package_identification:_identify(.) by extension 'colcon_meta'
[0.179s] Level 1:colcon.colcon_core.package_identification:_identify(.) by extensions ['ros']
[0.179s] Level 1:colcon.colcon_core.package_identification:_identify(.) by extension 'ros'
[0.186s] Level 1:colcon.colcon_core.package_identification:_identify(.) by extensions ['cmake', 'python']
[0.186s] Level 1:colcon.colcon_core.package_identification:_identify(.) by extension 'cmake'
[0.187s] Level 1:colcon.colcon_core.package_identification:_identify(.) by extension 'python'
[0.187s] Level 1:colcon.colcon_core.package_identification:_identify(.) by extensions ['python_setup_py']
[0.187s] Level 1:colcon.colcon_core.package_identification:_identify(.) by extension 'python_setup_py'
[0.187s] Level 1:colcon.colcon_core.package_identification:_identify(build) by extensions ['ignore', 'ignore_ament_install']
[0.187s] Level 1:colcon.colcon_core.package_identification:_identify(build) by extension 'ignore'
[0.187s] Level 1:colcon.colcon_core.package_identification:_identify(build) ignored
[0.187s] Level 1:colcon.colcon_core.package_identification:_identify(install) by extensions ['ignore', 'ignore_ament_install']
[0.187s] Level 1:colcon.colcon_core.package_identification:_identify(install) by extension 'ignore'
[0.187s] Level 1:colcon.colcon_core.package_identification:_identify(install) ignored
[0.187s] Level 1:colcon.colcon_core.package_identification:_identify(log) by extensions ['ignore', 'ignore_ament_install']
[0.187s] Level 1:colcon.colcon_core.package_identification:_identify(log) by extension 'ignore'
[0.187s] Level 1:colcon.colcon_core.package_identification:_identify(log) ignored
[0.187s] Level 1:colcon.colcon_core.package_identification:_identify(src) by extensions ['ignore', 'ignore_ament_install']
[0.187s] Level 1:colcon.colcon_core.package_identification:_identify(src) by extension 'ignore'
[0.187s] Level 1:colcon.colcon_core.package_identification:_identify(src) by extension 'ignore_ament_install'
[0.187s] Level 1:colcon.colcon_core.package_identification:_identify(src) by extensions ['colcon_pkg']
[0.187s] Level 1:colcon.colcon_core.package_identification:_identify(src) by extension 'colcon_pkg'
[0.187s] Level 1:colcon.colcon_core.package_identification:_identify(src) by extensions ['colcon_meta']
[0.187s] Level 1:colcon.colcon_core.package_identification:_identify(src) by extension 'colcon_meta'
[0.187s] Level 1:colcon.colcon_core.package_identification:_identify(src) by extensions ['ros']
[0.187s] Level 1:colcon.colcon_core.package_identification:_identify(src) by extension 'ros'
[0.187s] Level 1:colcon.colcon_core.package_identification:_identify(src) by extensions ['cmake', 'python']
[0.187s] Level 1:colcon.colcon_core.package_identification:_identify(src) by extension 'cmake'
[0.188s] Level 1:colcon.colcon_core.package_identification:_identify(src) by extension 'python'
[0.188s] Level 1:colcon.colcon_core.package_identification:_identify(src) by extensions ['python_setup_py']
[0.188s] Level 1:colcon.colcon_core.package_identification:_identify(src) by extension 'python_setup_py'
[0.188s] Level 1:colcon.colcon_core.package_identification:_identify(src/mission_control) by extensions ['ignore', 'ignore_ament_install']
[0.188s] Level 1:colcon.colcon_core.package_identification:_identify(src/mission_control) by extension 'ignore'
[0.188s] Level 1:colcon.colcon_core.package_identification:_identify(src/mission_control) by extension 'ignore_ament_install'
[0.188s] Level 1:colcon.colcon_core.package_identification:_identify(src/mission_control) by extensions ['colcon_pkg']
[0.188s] Level 1:colcon.colcon_core.package_identification:_identify(src/mission_control) by extension 'colcon_pkg'
[0.188s] Level 1:colcon.colcon_core.package_identification:_identify(src/mission_control) by extensions ['colcon_meta']
[0.188s] Level 1:colcon.colcon_core.package_identification:_identify(src/mission_control) by extension 'colcon_meta'
[0.188s] Level 1:colcon.colcon_core.package_identification:_identify(src/mission_control) by extensions ['ros']
[0.188s] Level 1:colcon.colcon_core.package_identification:_identify(src/mission_control) by extension 'ros'
[0.189s] DEBUG:colcon.colcon_core.package_identification:Package 'src/mission_control' with type 'ros.ament_python' and name 'mission_control'
[0.189s] Level 1:colcon.colcon_core.package_identification:_identify(src/px4_msgs) by extensions ['ignore', 'ignore_ament_install']
[0.189s] Level 1:colcon.colcon_core.package_identification:_identify(src/px4_msgs) by extension 'ignore'
[0.189s] Level 1:colcon.colcon_core.package_identification:_identify(src/px4_msgs) by extension 'ignore_ament_install'
[0.190s] Level 1:colcon.colcon_core.package_identification:_identify(src/px4_msgs) by extensions ['colcon_pkg']
[0.190s] Level 1:colcon.colcon_core.package_identification:_identify(src/px4_msgs) by extension 'colcon_pkg'
[0.190s] Level 1:colcon.colcon_core.package_identification:_identify(src/px4_msgs) by extensions ['colcon_meta']
[0.190s] Level 1:colcon.colcon_core.package_identification:_identify(src/px4_msgs) by extension 'colcon_meta'
[0.190s] Level 1:colcon.colcon_core.package_identification:_identify(src/px4_msgs) by extensions ['ros']
[0.190s] Level 1:colcon.colcon_core.package_identification:_identify(src/px4_msgs) by extension 'ros'
[0.190s] DEBUG:colcon.colcon_core.package_identification:Package 'src/px4_msgs' with type 'ros.ament_cmake' and name 'px4_msgs'
[0.190s] Level 1:colcon.colcon_core.package_discovery:discover_packages(recursive) using defaults
[0.190s] Level 1:colcon.colcon_core.package_discovery:discover_packages(ignore) discover
[0.190s] Level 1:colcon.colcon_core.package_discovery:discover_packages(ignore) using defaults
[0.190s] Level 1:colcon.colcon_core.package_discovery:discover_packages(path) discover
[0.190s] Level 1:colcon.colcon_core.package_discovery:discover_packages(path) using defaults
[0.202s] INFO:colcon.colcon_core.package_selection:Skipping not selected package 'px4_msgs' in 'src/px4_msgs'
[0.202s] Level 1:colcon.colcon_core.package_discovery:discover_packages(prefix_path) check parameters
[0.202s] Level 1:colcon.colcon_core.package_discovery:discover_packages(prefix_path) discover
[0.204s] DEBUG:colcon.colcon_installed_package_information.package_discovery:Found 2 installed packages in /home/joe/ysdrone_2024/install
[0.204s] DEBUG:colcon.colcon_installed_package_information.package_discovery:Found 270 installed packages in /opt/ros/humble
[0.206s] Level 1:colcon.colcon_core.package_discovery:discover_packages(prefix_path) using defaults
[0.233s] Level 5:colcon.colcon_core.verb:set package 'mission_control' build argument 'cmake_args' from command line to 'None'
[0.233s] Level 5:colcon.colcon_core.verb:set package 'mission_control' build argument 'cmake_target' from command line to 'None'
[0.233s] Level 5:colcon.colcon_core.verb:set package 'mission_control' build argument 'cmake_target_skip_unavailable' from command line to 'False'
[0.233s] Level 5:colcon.colcon_core.verb:set package 'mission_control' build argument 'cmake_clean_cache' from command line to 'False'
[0.233s] Level 5:colcon.colcon_core.verb:set package 'mission_control' build argument 'cmake_clean_first' from command line to 'False'
[0.233s] Level 5:colcon.colcon_core.verb:set package 'mission_control' build argument 'cmake_force_configure' from command line to 'False'
[0.233s] Level 5:colcon.colcon_core.verb:set package 'mission_control' build argument 'ament_cmake_args' from command line to 'None'
[0.233s] Level 5:colcon.colcon_core.verb:set package 'mission_control' build argument 'catkin_cmake_args' from command line to 'None'
[0.233s] Level 5:colcon.colcon_core.verb:set package 'mission_control' build argument 'catkin_skip_building_tests' from command line to 'False'
[0.233s] DEBUG:colcon.colcon_core.verb:Building package 'mission_control' with the following arguments: {'ament_cmake_args': None, 'build_base': '/home/joe/ysdrone_2024/build/mission_control', 'catkin_cmake_args': None, 'catkin_skip_building_tests': False, 'cmake_args': None, 'cmake_clean_cache': False, 'cmake_clean_first': False, 'cmake_force_configure': False, 'cmake_target': None, 'cmake_target_skip_unavailable': False, 'install_base': '/home/joe/ysdrone_2024/install/mission_control', 'merge_install': False, 'path': '/home/joe/ysdrone_2024/src/mission_control', 'symlink_install': False, 'test_result_base': None}
[0.233s] INFO:colcon.colcon_core.executor:Executing jobs using 'parallel' executor
[0.234s] DEBUG:colcon.colcon_parallel_executor.executor.parallel:run_until_complete
[0.234s] INFO:colcon.colcon_ros.task.ament_python.build:Building ROS package in '/home/joe/ysdrone_2024/src/mission_control' with build type 'ament_python'
[0.234s] Level 1:colcon.colcon_core.shell:create_environment_hook('mission_control', 'ament_prefix_path')
[0.235s] INFO:colcon.colcon_core.plugin_system:Skipping extension 'colcon_core.shell.bat': Not used on non-Windows systems
[0.235s] INFO:colcon.colcon_core.shell:Creating environment hook '/home/joe/ysdrone_2024/install/mission_control/share/mission_control/hook/ament_prefix_path.ps1'
[0.236s] INFO:colcon.colcon_core.shell:Creating environment descriptor '/home/joe/ysdrone_2024/install/mission_control/share/mission_control/hook/ament_prefix_path.dsv'
[0.236s] INFO:colcon.colcon_core.shell:Creating environment hook '/home/joe/ysdrone_2024/install/mission_control/share/mission_control/hook/ament_prefix_path.sh'
[0.237s] INFO:colcon.colcon_core.shell:Skip shell extension 'powershell' for command environment: Not usable outside of PowerShell
[0.237s] DEBUG:colcon.colcon_core.shell:Skip shell extension 'dsv' for command environment
[0.406s] INFO:colcon.colcon_core.task.python.build:Building Python package in '/home/joe/ysdrone_2024/src/mission_control'
[0.407s] INFO:colcon.colcon_core.shell:Skip shell extension 'powershell' for command environment: Not usable outside of PowerShell
[0.407s] DEBUG:colcon.colcon_core.shell:Skip shell extension 'dsv' for command environment
[0.621s] DEBUG:colcon.colcon_core.event_handler.log_command:Invoking command in '/home/joe/ysdrone_2024/src/mission_control': PYTHONPATH=/home/joe/ysdrone_2024/build/mission_control/prefix_override:/usr/lib/python3/dist-packages/colcon_core/task/python/colcon_distutils_commands:/home/joe/ysdrone_2024/install/mission_control/lib/python3.10/site-packages:${PYTHONPATH} /usr/bin/python3 -W ignore:setup.py install is deprecated setup.py egg_info --egg-base ../../build/mission_control build --build-base /home/joe/ysdrone_2024/build/mission_control/build install --record /home/joe/ysdrone_2024/build/mission_control/install.log --single-version-externally-managed install_data
[0.814s] DEBUG:colcon.colcon_core.event_handler.log_command:Invoked command in '/home/joe/ysdrone_2024/src/mission_control' returned '0': PYTHONPATH=/home/joe/ysdrone_2024/build/mission_control/prefix_override:/usr/lib/python3/dist-packages/colcon_core/task/python/colcon_distutils_commands:/home/joe/ysdrone_2024/install/mission_control/lib/python3.10/site-packages:${PYTHONPATH} /usr/bin/python3 -W ignore:setup.py install is deprecated setup.py egg_info --egg-base ../../build/mission_control build --build-base /home/joe/ysdrone_2024/build/mission_control/build install --record /home/joe/ysdrone_2024/build/mission_control/install.log --single-version-externally-managed install_data
[0.816s] Level 1:colcon.colcon_core.environment:checking '/home/joe/ysdrone_2024/install/mission_control' for CMake module files
[0.816s] Level 1:colcon.colcon_core.environment:checking '/home/joe/ysdrone_2024/install/mission_control' for CMake config files
[0.817s] Level 1:colcon.colcon_core.environment:checking '/home/joe/ysdrone_2024/install/mission_control/lib'
[0.817s] Level 1:colcon.colcon_core.environment:checking '/home/joe/ysdrone_2024/install/mission_control/bin'
[0.817s] Level 1:colcon.colcon_core.environment:checking '/home/joe/ysdrone_2024/install/mission_control/lib/pkgconfig/mission_control.pc'
[0.818s] Level 1:colcon.colcon_core.environment:checking '/home/joe/ysdrone_2024/install/mission_control/lib/python3.10/site-packages'
[0.818s] Level 1:colcon.colcon_core.shell:create_environment_hook('mission_control', 'pythonpath')
[0.818s] INFO:colcon.colcon_core.shell:Creating environment hook '/home/joe/ysdrone_2024/install/mission_control/share/mission_control/hook/pythonpath.ps1'
[0.818s] INFO:colcon.colcon_core.shell:Creating environment descriptor '/home/joe/ysdrone_2024/install/mission_control/share/mission_control/hook/pythonpath.dsv'
[0.819s] INFO:colcon.colcon_core.shell:Creating environment hook '/home/joe/ysdrone_2024/install/mission_control/share/mission_control/hook/pythonpath.sh'
[0.819s] Level 1:colcon.colcon_core.environment:checking '/home/joe/ysdrone_2024/install/mission_control/bin'
[0.820s] Level 1:colcon.colcon_core.environment:create_environment_scripts_only(mission_control)
[0.820s] INFO:colcon.colcon_core.shell:Creating package script '/home/joe/ysdrone_2024/install/mission_control/share/mission_control/package.ps1'
[0.821s] INFO:colcon.colcon_core.shell:Creating package descriptor '/home/joe/ysdrone_2024/install/mission_control/share/mission_control/package.dsv'
[0.821s] INFO:colcon.colcon_core.shell:Creating package script '/home/joe/ysdrone_2024/install/mission_control/share/mission_control/package.sh'
[0.822s] INFO:colcon.colcon_core.shell:Creating package script '/home/joe/ysdrone_2024/install/mission_control/share/mission_control/package.bash'
[0.823s] INFO:colcon.colcon_core.shell:Creating package script '/home/joe/ysdrone_2024/install/mission_control/share/mission_control/package.zsh'
[0.823s] Level 1:colcon.colcon_core.environment:create_file_with_runtime_dependencies(/home/joe/ysdrone_2024/install/mission_control/share/colcon-core/packages/mission_control)
[0.824s] DEBUG:colcon.colcon_parallel_executor.executor.parallel:closing loop
[0.824s] DEBUG:colcon.colcon_parallel_executor.executor.parallel:loop closed
[0.824s] DEBUG:colcon.colcon_parallel_executor.executor.parallel:run_until_complete finished with '0'
[0.824s] DEBUG:colcon.colcon_core.event_reactor:joining thread
[0.828s] INFO:colcon.colcon_core.plugin_system:Skipping extension 'colcon_notification.desktop_notification.terminal_notifier': Not used on non-Darwin systems
[0.828s] INFO:colcon.colcon_core.plugin_system:Skipping extension 'colcon_notification.desktop_notification.win32': Not used on non-Windows systems
[0.828s] INFO:colcon.colcon_notification.desktop_notification:Sending desktop notification using 'notify2'
[0.835s] DEBUG:colcon.colcon_core.event_reactor:joined thread
[0.835s] INFO:colcon.colcon_core.shell:Creating prefix script '/home/joe/ysdrone_2024/install/local_setup.ps1'
[0.836s] INFO:colcon.colcon_core.shell:Creating prefix util module '/home/joe/ysdrone_2024/install/_local_setup_util_ps1.py'
[0.837s] INFO:colcon.colcon_core.shell:Creating prefix chain script '/home/joe/ysdrone_2024/install/setup.ps1'
[0.838s] INFO:colcon.colcon_core.shell:Creating prefix script '/home/joe/ysdrone_2024/install/local_setup.sh'
[0.838s] INFO:colcon.colcon_core.shell:Creating prefix util module '/home/joe/ysdrone_2024/install/_local_setup_util_sh.py'
[0.839s] INFO:colcon.colcon_core.shell:Creating prefix chain script '/home/joe/ysdrone_2024/install/setup.sh'
[0.840s] INFO:colcon.colcon_core.shell:Creating prefix script '/home/joe/ysdrone_2024/install/local_setup.bash'
[0.840s] INFO:colcon.colcon_core.shell:Creating prefix chain script '/home/joe/ysdrone_2024/install/setup.bash'
[0.841s] INFO:colcon.colcon_core.shell:Creating prefix script '/home/joe/ysdrone_2024/install/local_setup.zsh'
[0.841s] INFO:colcon.colcon_core.shell:Creating prefix chain script '/home/joe/ysdrone_2024/install/setup.zsh'
