running egg_info
writing ../../build/mission_control/mission_control.egg-info/PKG-INFO
writing dependency_links to ../../build/mission_control/mission_control.egg-info/dependency_links.txt
writing entry points to ../../build/mission_control/mission_control.egg-info/entry_points.txt
writing requirements to ../../build/mission_control/mission_control.egg-info/requires.txt
writing top-level names to ../../build/mission_control/mission_control.egg-info/top_level.txt
reading manifest file '../../build/mission_control/mission_control.egg-info/SOURCES.txt'
adding license file 'LICENSE'
writing manifest file '../../build/mission_control/mission_control.egg-info/SOURCES.txt'
running build
running build_py
copying mission_control/offboard_start.py -> /home/joe/ysdrone_2024/build/mission_control/build/lib/mission_control
copying mission_control/visualizer.py -> /home/joe/ysdrone_2024/build/mission_control/build/lib/mission_control
copying mission_control/mission1.py -> /home/joe/ysdrone_2024/build/mission_control/build/lib/mission_control
running install
running install_lib
copying /home/joe/ysdrone_2024/build/mission_control/build/lib/mission_control/offboard_start.py -> /home/joe/ysdrone_2024/install/mission_control/lib/python3.10/site-packages/mission_control
copying /home/joe/ysdrone_2024/build/mission_control/build/lib/mission_control/visualizer.py -> /home/joe/ysdrone_2024/install/mission_control/lib/python3.10/site-packages/mission_control
copying /home/joe/ysdrone_2024/build/mission_control/build/lib/mission_control/mission1.py -> /home/joe/ysdrone_2024/install/mission_control/lib/python3.10/site-packages/mission_control
byte-compiling /home/joe/ysdrone_2024/install/mission_control/lib/python3.10/site-packages/mission_control/offboard_start.py to offboard_start.cpython-310.pyc
byte-compiling /home/joe/ysdrone_2024/install/mission_control/lib/python3.10/site-packages/mission_control/visualizer.py to visualizer.cpython-310.pyc
byte-compiling /home/joe/ysdrone_2024/install/mission_control/lib/python3.10/site-packages/mission_control/mission1.py to mission1.cpython-310.pyc
running install_data
copying resource/visualize.rviz -> /home/joe/ysdrone_2024/install/mission_control/share/ament_index/resource_index/packages
copying package.xml -> /home/joe/ysdrone_2024/install/mission_control/share/mission_control
copying launch/missions.launch.py -> /home/joe/ysdrone_2024/install/mission_control/share/mission_control
copying resource/visualize.rviz -> /home/joe/ysdrone_2024/install/mission_control/share/mission_control
running install_egg_info
removing '/home/joe/ysdrone_2024/install/mission_control/lib/python3.10/site-packages/mission_control-0.0.0-py3.10.egg-info' (and everything under it)
Copying ../../build/mission_control/mission_control.egg-info to /home/joe/ysdrone_2024/install/mission_control/lib/python3.10/site-packages/mission_control-0.0.0-py3.10.egg-info
running install_scripts
Installing mission1 script to /home/joe/ysdrone_2024/install/mission_control/lib/mission_control
Installing offboard_start script to /home/joe/ysdrone_2024/install/mission_control/lib/mission_control
Installing visualizer script to /home/joe/ysdrone_2024/install/mission_control/lib/mission_control
writing list of installed files to '/home/joe/ysdrone_2024/build/mission_control/install.log'
