[0.383s] Invoking command in '/home/joe/ysdrone_2024/src/mission_control': AMENT_PREFIX_PATH=/home/joe/ysdrone_2024/install/px4_msgs:${AMENT_PREFIX_PATH} CMAKE_PREFIX_PATH=/home/joe/ysdrone_2024/install/px4_msgs LD_LIBRARY_PATH=/home/joe/ysdrone_2024/install/px4_msgs/lib:${LD_LIBRARY_PATH} PYTHONPATH=/home/joe/ysdrone_2024/build/mission_control/prefix_override:/usr/lib/python3/dist-packages/colcon_core/task/python/colcon_distutils_commands:/home/joe/ysdrone_2024/install/mission_control/lib/python3.10/site-packages:/home/joe/ysdrone_2024/install/px4_msgs/local/lib/python3.10/dist-packages:${PYTHONPATH} /usr/bin/python3 -W ignore:setup.py install is deprecated setup.py egg_info --egg-base ../../build/mission_control build --build-base /home/joe/ysdrone_2024/build/mission_control/build install --record /home/joe/ysdrone_2024/build/mission_control/install.log --single-version-externally-managed install_data
[0.535s] running egg_info
[0.536s] writing ../../build/mission_control/mission_control.egg-info/PKG-INFO
[0.536s] writing dependency_links to ../../build/mission_control/mission_control.egg-info/dependency_links.txt
[0.536s] writing entry points to ../../build/mission_control/mission_control.egg-info/entry_points.txt
[0.536s] writing requirements to ../../build/mission_control/mission_control.egg-info/requires.txt
[0.536s] writing top-level names to ../../build/mission_control/mission_control.egg-info/top_level.txt
[0.537s] reading manifest file '../../build/mission_control/mission_control.egg-info/SOURCES.txt'
[0.537s] adding license file 'LICENSE'
[0.537s] writing manifest file '../../build/mission_control/mission_control.egg-info/SOURCES.txt'
[0.538s] running build
[0.538s] running build_py
[0.538s] copying mission_control/offboard_start.py -> /home/joe/ysdrone_2024/build/mission_control/build/lib/mission_control
[0.538s] copying mission_control/visualizer.py -> /home/joe/ysdrone_2024/build/mission_control/build/lib/mission_control
[0.538s] copying mission_control/mission1.py -> /home/joe/ysdrone_2024/build/mission_control/build/lib/mission_control
[0.538s] running install
[0.538s] running install_lib
[0.539s] copying /home/joe/ysdrone_2024/build/mission_control/build/lib/mission_control/offboard_start.py -> /home/joe/ysdrone_2024/install/mission_control/lib/python3.10/site-packages/mission_control
[0.539s] copying /home/joe/ysdrone_2024/build/mission_control/build/lib/mission_control/visualizer.py -> /home/joe/ysdrone_2024/install/mission_control/lib/python3.10/site-packages/mission_control
[0.539s] copying /home/joe/ysdrone_2024/build/mission_control/build/lib/mission_control/mission1.py -> /home/joe/ysdrone_2024/install/mission_control/lib/python3.10/site-packages/mission_control
[0.539s] byte-compiling /home/joe/ysdrone_2024/install/mission_control/lib/python3.10/site-packages/mission_control/offboard_start.py to offboard_start.cpython-310.pyc
[0.540s] byte-compiling /home/joe/ysdrone_2024/install/mission_control/lib/python3.10/site-packages/mission_control/visualizer.py to visualizer.cpython-310.pyc
[0.541s] byte-compiling /home/joe/ysdrone_2024/install/mission_control/lib/python3.10/site-packages/mission_control/mission1.py to mission1.cpython-310.pyc
[0.541s] running install_data
[0.541s] copying resource/visualize.rviz -> /home/joe/ysdrone_2024/install/mission_control/share/ament_index/resource_index/packages
[0.542s] copying package.xml -> /home/joe/ysdrone_2024/install/mission_control/share/mission_control
[0.542s] copying launch/missions.launch.py -> /home/joe/ysdrone_2024/install/mission_control/share/mission_control
[0.542s] copying resource/visualize.rviz -> /home/joe/ysdrone_2024/install/mission_control/share/mission_control
[0.542s] running install_egg_info
[0.543s] removing '/home/joe/ysdrone_2024/install/mission_control/lib/python3.10/site-packages/mission_control-0.0.0-py3.10.egg-info' (and everything under it)
[0.543s] Copying ../../build/mission_control/mission_control.egg-info to /home/joe/ysdrone_2024/install/mission_control/lib/python3.10/site-packages/mission_control-0.0.0-py3.10.egg-info
[0.544s] running install_scripts
[0.556s] Installing mission1 script to /home/joe/ysdrone_2024/install/mission_control/lib/mission_control
[0.556s] Installing offboard_start script to /home/joe/ysdrone_2024/install/mission_control/lib/mission_control
[0.556s] Installing visualizer script to /home/joe/ysdrone_2024/install/mission_control/lib/mission_control
[0.556s] writing list of installed files to '/home/joe/ysdrone_2024/build/mission_control/install.log'
[0.570s] Invoked command in '/home/joe/ysdrone_2024/src/mission_control' returned '0': AMENT_PREFIX_PATH=/home/joe/ysdrone_2024/install/px4_msgs:${AMENT_PREFIX_PATH} CMAKE_PREFIX_PATH=/home/joe/ysdrone_2024/install/px4_msgs LD_LIBRARY_PATH=/home/joe/ysdrone_2024/install/px4_msgs/lib:${LD_LIBRARY_PATH} PYTHONPATH=/home/joe/ysdrone_2024/build/mission_control/prefix_override:/usr/lib/python3/dist-packages/colcon_core/task/python/colcon_distutils_commands:/home/joe/ysdrone_2024/install/mission_control/lib/python3.10/site-packages:/home/joe/ysdrone_2024/install/px4_msgs/local/lib/python3.10/dist-packages:${PYTHONPATH} /usr/bin/python3 -W ignore:setup.py install is deprecated setup.py egg_info --egg-base ../../build/mission_control build --build-base /home/joe/ysdrone_2024/build/mission_control/build install --record /home/joe/ysdrone_2024/build/mission_control/install.log --single-version-externally-managed install_data
