[0.070s] DEBUG:colcon:Command line arguments: ['/usr/bin/colcon', 'build']
[0.070s] DEBUG:colcon:Parsed command line arguments: Namespace(log_base=None, log_level=None, verb_name='build', build_base='build', install_base='install', merge_install=False, symlink_install=False, test_result_base=None, continue_on_error=False, executor='parallel', parallel_workers=12, event_handlers=None, ignore_user_meta=False, metas=['./colcon.meta'], base_paths=['.'], packages_ignore=None, packages_ignore_regex=None, paths=None, packages_up_to=None, packages_up_to_regex=None, packages_above=None, packages_above_and_dependencies=None, packages_above_depth=None, packages_select_by_dep=None, packages_skip_by_dep=None, packages_skip_up_to=None, packages_select_build_failed=False, packages_skip_build_finished=False, packages_select_test_failures=False, packages_skip_test_passed=False, packages_select=None, packages_skip=None, packages_select_regex=None, packages_skip_regex=None, packages_start=None, packages_end=None, allow_overriding=[], cmake_args=None, cmake_target=None, cmake_target_skip_unavailable=False, cmake_clean_cache=False, cmake_clean_first=False, cmake_force_configure=False, ament_cmake_args=None, catkin_cmake_args=None, catkin_skip_building_tests=False, mixin_files=None, mixin=None, verb_parser=<colcon_mixin.mixin.mixin_argument.MixinArgumentDecorator object at 0x745c32326770>, verb_extension=<colcon_core.verb.build.BuildVerb object at 0x745c32326290>, main=<bound method BuildVerb.main of <colcon_core.verb.build.BuildVerb object at 0x745c32326290>>, mixin_verb=('build',))
[0.177s] Level 1:colcon.colcon_core.package_discovery:discover_packages(colcon_meta) check parameters
[0.177s] Level 1:colcon.colcon_core.package_discovery:discover_packages(recursive) check parameters
[0.177s] Level 1:colcon.colcon_core.package_discovery:discover_packages(ignore) check parameters
[0.177s] Level 1:colcon.colcon_core.package_discovery:discover_packages(path) check parameters
[0.177s] Level 1:colcon.colcon_core.package_discovery:discover_packages(colcon_meta) discover
[0.177s] Level 1:colcon.colcon_core.package_discovery:discover_packages(recursive) discover
[0.177s] INFO:colcon.colcon_core.package_discovery:Crawling recursively for packages in '/home/joe/ysdrone_2024'
[0.177s] Level 1:colcon.colcon_core.package_identification:_identify(.) by extensions ['ignore', 'ignore_ament_install']
[0.177s] Level 1:colcon.colcon_core.package_identification:_identify(.) by extension 'ignore'
[0.177s] Level 1:colcon.colcon_core.package_identification:_identify(.) by extension 'ignore_ament_install'
[0.177s] Level 1:colcon.colcon_core.package_identification:_identify(.) by extensions ['colcon_pkg']
[0.177s] Level 1:colcon.colcon_core.package_identification:_identify(.) by extension 'colcon_pkg'
[0.177s] Level 1:colcon.colcon_core.package_identification:_identify(.) by extensions ['colcon_meta']
[0.177s] Level 1:colcon.colcon_core.package_identification:_identify(.) by extension 'colcon_meta'
[0.177s] Level 1:colcon.colcon_core.package_identification:_identify(.) by extensions ['ros']
[0.177s] Level 1:colcon.colcon_core.package_identification:_identify(.) by extension 'ros'
[0.184s] Level 1:colcon.colcon_core.package_identification:_identify(.) by extensions ['cmake', 'python']
[0.184s] Level 1:colcon.colcon_core.package_identification:_identify(.) by extension 'cmake'
[0.184s] Level 1:colcon.colcon_core.package_identification:_identify(.) by extension 'python'
[0.184s] Level 1:colcon.colcon_core.package_identification:_identify(.) by extensions ['python_setup_py']
[0.184s] Level 1:colcon.colcon_core.package_identification:_identify(.) by extension 'python_setup_py'
[0.184s] Level 1:colcon.colcon_core.package_identification:_identify(build) by extensions ['ignore', 'ignore_ament_install']
[0.184s] Level 1:colcon.colcon_core.package_identification:_identify(build) by extension 'ignore'
[0.184s] Level 1:colcon.colcon_core.package_identification:_identify(build) ignored
[0.185s] Level 1:colcon.colcon_core.package_identification:_identify(install) by extensions ['ignore', 'ignore_ament_install']
[0.185s] Level 1:colcon.colcon_core.package_identification:_identify(install) by extension 'ignore'
[0.185s] Level 1:colcon.colcon_core.package_identification:_identify(install) ignored
[0.185s] Level 1:colcon.colcon_core.package_identification:_identify(log) by extensions ['ignore', 'ignore_ament_install']
[0.185s] Level 1:colcon.colcon_core.package_identification:_identify(log) by extension 'ignore'
[0.185s] Level 1:colcon.colcon_core.package_identification:_identify(log) ignored
[0.185s] Level 1:colcon.colcon_core.package_identification:_identify(src) by extensions ['ignore', 'ignore_ament_install']
[0.185s] Level 1:colcon.colcon_core.package_identification:_identify(src) by extension 'ignore'
[0.185s] Level 1:colcon.colcon_core.package_identification:_identify(src) by extension 'ignore_ament_install'
[0.185s] Level 1:colcon.colcon_core.package_identification:_identify(src) by extensions ['colcon_pkg']
[0.185s] Level 1:colcon.colcon_core.package_identification:_identify(src) by extension 'colcon_pkg'
[0.185s] Level 1:colcon.colcon_core.package_identification:_identify(src) by extensions ['colcon_meta']
[0.185s] Level 1:colcon.colcon_core.package_identification:_identify(src) by extension 'colcon_meta'
[0.185s] Level 1:colcon.colcon_core.package_identification:_identify(src) by extensions ['ros']
[0.185s] Level 1:colcon.colcon_core.package_identification:_identify(src) by extension 'ros'
[0.185s] Level 1:colcon.colcon_core.package_identification:_identify(src) by extensions ['cmake', 'python']
[0.185s] Level 1:colcon.colcon_core.package_identification:_identify(src) by extension 'cmake'
[0.185s] Level 1:colcon.colcon_core.package_identification:_identify(src) by extension 'python'
[0.185s] Level 1:colcon.colcon_core.package_identification:_identify(src) by extensions ['python_setup_py']
[0.185s] Level 1:colcon.colcon_core.package_identification:_identify(src) by extension 'python_setup_py'
[0.185s] Level 1:colcon.colcon_core.package_identification:_identify(src/mission_control) by extensions ['ignore', 'ignore_ament_install']
[0.185s] Level 1:colcon.colcon_core.package_identification:_identify(src/mission_control) by extension 'ignore'
[0.185s] Level 1:colcon.colcon_core.package_identification:_identify(src/mission_control) by extension 'ignore_ament_install'
[0.185s] Level 1:colcon.colcon_core.package_identification:_identify(src/mission_control) by extensions ['colcon_pkg']
[0.185s] Level 1:colcon.colcon_core.package_identification:_identify(src/mission_control) by extension 'colcon_pkg'
[0.185s] Level 1:colcon.colcon_core.package_identification:_identify(src/mission_control) by extensions ['colcon_meta']
[0.185s] Level 1:colcon.colcon_core.package_identification:_identify(src/mission_control) by extension 'colcon_meta'
[0.186s] Level 1:colcon.colcon_core.package_identification:_identify(src/mission_control) by extensions ['ros']
[0.186s] Level 1:colcon.colcon_core.package_identification:_identify(src/mission_control) by extension 'ros'
[0.187s] DEBUG:colcon.colcon_core.package_identification:Package 'src/mission_control' with type 'ros.ament_python' and name 'mission_control'
[0.187s] Level 1:colcon.colcon_core.package_identification:_identify(src/px4_msgs) by extensions ['ignore', 'ignore_ament_install']
[0.187s] Level 1:colcon.colcon_core.package_identification:_identify(src/px4_msgs) by extension 'ignore'
[0.187s] Level 1:colcon.colcon_core.package_identification:_identify(src/px4_msgs) by extension 'ignore_ament_install'
[0.187s] Level 1:colcon.colcon_core.package_identification:_identify(src/px4_msgs) by extensions ['colcon_pkg']
[0.187s] Level 1:colcon.colcon_core.package_identification:_identify(src/px4_msgs) by extension 'colcon_pkg'
[0.187s] Level 1:colcon.colcon_core.package_identification:_identify(src/px4_msgs) by extensions ['colcon_meta']
[0.187s] Level 1:colcon.colcon_core.package_identification:_identify(src/px4_msgs) by extension 'colcon_meta'
[0.187s] Level 1:colcon.colcon_core.package_identification:_identify(src/px4_msgs) by extensions ['ros']
[0.187s] Level 1:colcon.colcon_core.package_identification:_identify(src/px4_msgs) by extension 'ros'
[0.188s] DEBUG:colcon.colcon_core.package_identification:Package 'src/px4_msgs' with type 'ros.ament_cmake' and name 'px4_msgs'
[0.188s] Level 1:colcon.colcon_core.package_discovery:discover_packages(recursive) using defaults
[0.188s] Level 1:colcon.colcon_core.package_discovery:discover_packages(ignore) discover
[0.188s] Level 1:colcon.colcon_core.package_discovery:discover_packages(ignore) using defaults
[0.188s] Level 1:colcon.colcon_core.package_discovery:discover_packages(path) discover
[0.188s] Level 1:colcon.colcon_core.package_discovery:discover_packages(path) using defaults
[0.200s] Level 1:colcon.colcon_core.package_discovery:discover_packages(prefix_path) check parameters
[0.200s] Level 1:colcon.colcon_core.package_discovery:discover_packages(prefix_path) discover
[0.201s] DEBUG:colcon.colcon_installed_package_information.package_discovery:Found 270 installed packages in /opt/ros/humble
[0.203s] Level 1:colcon.colcon_core.package_discovery:discover_packages(prefix_path) using defaults
[0.231s] Level 5:colcon.colcon_core.verb:set package 'mission_control' build argument 'cmake_args' from command line to 'None'
[0.231s] Level 5:colcon.colcon_core.verb:set package 'mission_control' build argument 'cmake_target' from command line to 'None'
[0.231s] Level 5:colcon.colcon_core.verb:set package 'mission_control' build argument 'cmake_target_skip_unavailable' from command line to 'False'
[0.231s] Level 5:colcon.colcon_core.verb:set package 'mission_control' build argument 'cmake_clean_cache' from command line to 'False'
[0.231s] Level 5:colcon.colcon_core.verb:set package 'mission_control' build argument 'cmake_clean_first' from command line to 'False'
[0.231s] Level 5:colcon.colcon_core.verb:set package 'mission_control' build argument 'cmake_force_configure' from command line to 'False'
[0.231s] Level 5:colcon.colcon_core.verb:set package 'mission_control' build argument 'ament_cmake_args' from command line to 'None'
[0.231s] Level 5:colcon.colcon_core.verb:set package 'mission_control' build argument 'catkin_cmake_args' from command line to 'None'
[0.231s] Level 5:colcon.colcon_core.verb:set package 'mission_control' build argument 'catkin_skip_building_tests' from command line to 'False'
[0.231s] DEBUG:colcon.colcon_core.verb:Building package 'mission_control' with the following arguments: {'ament_cmake_args': None, 'build_base': '/home/joe/ysdrone_2024/build/mission_control', 'catkin_cmake_args': None, 'catkin_skip_building_tests': False, 'cmake_args': None, 'cmake_clean_cache': False, 'cmake_clean_first': False, 'cmake_force_configure': False, 'cmake_target': None, 'cmake_target_skip_unavailable': False, 'install_base': '/home/joe/ysdrone_2024/install/mission_control', 'merge_install': False, 'path': '/home/joe/ysdrone_2024/src/mission_control', 'symlink_install': False, 'test_result_base': None}
[0.231s] Level 5:colcon.colcon_core.verb:set package 'px4_msgs' build argument 'cmake_args' from command line to 'None'
[0.231s] Level 5:colcon.colcon_core.verb:set package 'px4_msgs' build argument 'cmake_target' from command line to 'None'
[0.231s] Level 5:colcon.colcon_core.verb:set package 'px4_msgs' build argument 'cmake_target_skip_unavailable' from command line to 'False'
[0.231s] Level 5:colcon.colcon_core.verb:set package 'px4_msgs' build argument 'cmake_clean_cache' from command line to 'False'
[0.231s] Level 5:colcon.colcon_core.verb:set package 'px4_msgs' build argument 'cmake_clean_first' from command line to 'False'
[0.231s] Level 5:colcon.colcon_core.verb:set package 'px4_msgs' build argument 'cmake_force_configure' from command line to 'False'
[0.231s] Level 5:colcon.colcon_core.verb:set package 'px4_msgs' build argument 'ament_cmake_args' from command line to 'None'
[0.231s] Level 5:colcon.colcon_core.verb:set package 'px4_msgs' build argument 'catkin_cmake_args' from command line to 'None'
[0.231s] Level 5:colcon.colcon_core.verb:set package 'px4_msgs' build argument 'catkin_skip_building_tests' from command line to 'False'
[0.231s] DEBUG:colcon.colcon_core.verb:Building package 'px4_msgs' with the following arguments: {'ament_cmake_args': None, 'build_base': '/home/joe/ysdrone_2024/build/px4_msgs', 'catkin_cmake_args': None, 'catkin_skip_building_tests': False, 'cmake_args': None, 'cmake_clean_cache': False, 'cmake_clean_first': False, 'cmake_force_configure': False, 'cmake_target': None, 'cmake_target_skip_unavailable': False, 'install_base': '/home/joe/ysdrone_2024/install/px4_msgs', 'merge_install': False, 'path': '/home/joe/ysdrone_2024/src/px4_msgs', 'symlink_install': False, 'test_result_base': None}
[0.231s] INFO:colcon.colcon_core.executor:Executing jobs using 'parallel' executor
[0.232s] DEBUG:colcon.colcon_parallel_executor.executor.parallel:run_until_complete
[0.232s] INFO:colcon.colcon_ros.task.ament_python.build:Building ROS package in '/home/joe/ysdrone_2024/src/mission_control' with build type 'ament_python'
[0.232s] Level 1:colcon.colcon_core.shell:create_environment_hook('mission_control', 'ament_prefix_path')
[0.233s] INFO:colcon.colcon_core.plugin_system:Skipping extension 'colcon_core.shell.bat': Not used on non-Windows systems
[0.234s] INFO:colcon.colcon_core.shell:Creating environment hook '/home/joe/ysdrone_2024/install/mission_control/share/mission_control/hook/ament_prefix_path.ps1'
[0.234s] INFO:colcon.colcon_core.shell:Creating environment descriptor '/home/joe/ysdrone_2024/install/mission_control/share/mission_control/hook/ament_prefix_path.dsv'
[0.234s] INFO:colcon.colcon_core.shell:Creating environment hook '/home/joe/ysdrone_2024/install/mission_control/share/mission_control/hook/ament_prefix_path.sh'
[0.235s] INFO:colcon.colcon_core.shell:Skip shell extension 'powershell' for command environment: Not usable outside of PowerShell
[0.235s] DEBUG:colcon.colcon_core.shell:Skip shell extension 'dsv' for command environment
[0.237s] INFO:colcon.colcon_ros.task.ament_cmake.build:Building ROS package in '/home/joe/ysdrone_2024/src/px4_msgs' with build type 'ament_cmake'
[0.237s] INFO:colcon.colcon_cmake.task.cmake.build:Building CMake package in '/home/joe/ysdrone_2024/src/px4_msgs'
[0.237s] INFO:colcon.colcon_core.shell:Skip shell extension 'powershell' for command environment: Not usable outside of PowerShell
[0.237s] DEBUG:colcon.colcon_core.shell:Skip shell extension 'dsv' for command environment
[0.400s] INFO:colcon.colcon_core.task.python.build:Building Python package in '/home/joe/ysdrone_2024/src/mission_control'
[0.400s] INFO:colcon.colcon_core.shell:Skip shell extension 'powershell' for command environment: Not usable outside of PowerShell
[0.400s] DEBUG:colcon.colcon_core.shell:Skip shell extension 'dsv' for command environment
[0.404s] DEBUG:colcon.colcon_core.event_handler.log_command:Invoking command in '/home/joe/ysdrone_2024/build/px4_msgs': CMAKE_PREFIX_PATH=/opt/ros/humble /usr/bin/cmake /home/joe/ysdrone_2024/src/px4_msgs -DCMAKE_INSTALL_PREFIX=/home/joe/ysdrone_2024/install/px4_msgs
[0.611s] DEBUG:colcon.colcon_core.event_handler.log_command:Invoking command in '/home/joe/ysdrone_2024/src/mission_control': PYTHONPATH=/home/joe/ysdrone_2024/build/mission_control/prefix_override:/usr/lib/python3/dist-packages/colcon_core/task/python/colcon_distutils_commands:/home/joe/ysdrone_2024/install/mission_control/lib/python3.10/site-packages:${PYTHONPATH} /usr/bin/python3 -W ignore:setup.py install is deprecated setup.py egg_info --egg-base ../../build/mission_control build --build-base /home/joe/ysdrone_2024/build/mission_control/build install --record /home/joe/ysdrone_2024/build/mission_control/install.log --single-version-externally-managed install_data
[0.795s] DEBUG:colcon.colcon_core.event_handler.log_command:Invoked command in '/home/joe/ysdrone_2024/src/mission_control' returned '0': PYTHONPATH=/home/joe/ysdrone_2024/build/mission_control/prefix_override:/usr/lib/python3/dist-packages/colcon_core/task/python/colcon_distutils_commands:/home/joe/ysdrone_2024/install/mission_control/lib/python3.10/site-packages:${PYTHONPATH} /usr/bin/python3 -W ignore:setup.py install is deprecated setup.py egg_info --egg-base ../../build/mission_control build --build-base /home/joe/ysdrone_2024/build/mission_control/build install --record /home/joe/ysdrone_2024/build/mission_control/install.log --single-version-externally-managed install_data
[0.797s] Level 1:colcon.colcon_core.environment:checking '/home/joe/ysdrone_2024/install/mission_control' for CMake module files
[0.797s] Level 1:colcon.colcon_core.environment:checking '/home/joe/ysdrone_2024/install/mission_control' for CMake config files
[0.797s] Level 1:colcon.colcon_core.environment:checking '/home/joe/ysdrone_2024/install/mission_control/lib'
[0.797s] Level 1:colcon.colcon_core.environment:checking '/home/joe/ysdrone_2024/install/mission_control/bin'
[0.798s] Level 1:colcon.colcon_core.environment:checking '/home/joe/ysdrone_2024/install/mission_control/lib/pkgconfig/mission_control.pc'
[0.798s] Level 1:colcon.colcon_core.environment:checking '/home/joe/ysdrone_2024/install/mission_control/lib/python3.10/site-packages'
[0.798s] Level 1:colcon.colcon_core.shell:create_environment_hook('mission_control', 'pythonpath')
[0.798s] INFO:colcon.colcon_core.shell:Creating environment hook '/home/joe/ysdrone_2024/install/mission_control/share/mission_control/hook/pythonpath.ps1'
[0.798s] INFO:colcon.colcon_core.shell:Creating environment descriptor '/home/joe/ysdrone_2024/install/mission_control/share/mission_control/hook/pythonpath.dsv'
[0.798s] INFO:colcon.colcon_core.shell:Creating environment hook '/home/joe/ysdrone_2024/install/mission_control/share/mission_control/hook/pythonpath.sh'
[0.799s] Level 1:colcon.colcon_core.environment:checking '/home/joe/ysdrone_2024/install/mission_control/bin'
[0.799s] Level 1:colcon.colcon_core.environment:create_environment_scripts_only(mission_control)
[0.799s] INFO:colcon.colcon_core.shell:Creating package script '/home/joe/ysdrone_2024/install/mission_control/share/mission_control/package.ps1'
[0.799s] INFO:colcon.colcon_core.shell:Creating package descriptor '/home/joe/ysdrone_2024/install/mission_control/share/mission_control/package.dsv'
[0.800s] INFO:colcon.colcon_core.shell:Creating package script '/home/joe/ysdrone_2024/install/mission_control/share/mission_control/package.sh'
[0.800s] INFO:colcon.colcon_core.shell:Creating package script '/home/joe/ysdrone_2024/install/mission_control/share/mission_control/package.bash'
[0.800s] INFO:colcon.colcon_core.shell:Creating package script '/home/joe/ysdrone_2024/install/mission_control/share/mission_control/package.zsh'
[0.801s] Level 1:colcon.colcon_core.environment:create_file_with_runtime_dependencies(/home/joe/ysdrone_2024/install/mission_control/share/colcon-core/packages/mission_control)
[2.659s] DEBUG:colcon.colcon_core.event_handler.log_command:Invoked command in '/home/joe/ysdrone_2024/build/px4_msgs' returned '0': CMAKE_PREFIX_PATH=/opt/ros/humble /usr/bin/cmake /home/joe/ysdrone_2024/src/px4_msgs -DCMAKE_INSTALL_PREFIX=/home/joe/ysdrone_2024/install/px4_msgs
[2.661s] DEBUG:colcon.colcon_core.event_handler.log_command:Invoking command in '/home/joe/ysdrone_2024/build/px4_msgs': CMAKE_PREFIX_PATH=/opt/ros/humble /usr/bin/cmake --build /home/joe/ysdrone_2024/build/px4_msgs -- -j12 -l12
[120.699s] DEBUG:colcon.colcon_core.event_handler.log_command:Invoked command in '/home/joe/ysdrone_2024/build/px4_msgs' returned '0': CMAKE_PREFIX_PATH=/opt/ros/humble /usr/bin/cmake --build /home/joe/ysdrone_2024/build/px4_msgs -- -j12 -l12
[124.173s] DEBUG:colcon.colcon_core.event_handler.log_command:Invoking command in '/home/joe/ysdrone_2024/build/px4_msgs': CMAKE_PREFIX_PATH=/opt/ros/humble /usr/bin/cmake --install /home/joe/ysdrone_2024/build/px4_msgs
[125.024s] Level 1:colcon.colcon_core.environment:create_environment_scripts_only(px4_msgs)
[125.024s] Level 1:colcon.colcon_core.environment:checking '/home/joe/ysdrone_2024/install/px4_msgs' for CMake module files
[125.024s] DEBUG:colcon.colcon_core.event_handler.log_command:Invoked command in '/home/joe/ysdrone_2024/build/px4_msgs' returned '0': CMAKE_PREFIX_PATH=/opt/ros/humble /usr/bin/cmake --install /home/joe/ysdrone_2024/build/px4_msgs
[125.025s] Level 1:colcon.colcon_core.environment:checking '/home/joe/ysdrone_2024/install/px4_msgs' for CMake config files
[125.025s] Level 1:colcon.colcon_core.shell:create_environment_hook('px4_msgs', 'cmake_prefix_path')
[125.025s] INFO:colcon.colcon_core.shell:Creating environment hook '/home/joe/ysdrone_2024/install/px4_msgs/share/px4_msgs/hook/cmake_prefix_path.ps1'
[125.026s] INFO:colcon.colcon_core.shell:Creating environment descriptor '/home/joe/ysdrone_2024/install/px4_msgs/share/px4_msgs/hook/cmake_prefix_path.dsv'
[125.026s] INFO:colcon.colcon_core.shell:Creating environment hook '/home/joe/ysdrone_2024/install/px4_msgs/share/px4_msgs/hook/cmake_prefix_path.sh'
[125.026s] Level 1:colcon.colcon_core.environment:checking '/home/joe/ysdrone_2024/install/px4_msgs/lib'
[125.026s] Level 1:colcon.colcon_core.shell:create_environment_hook('px4_msgs', 'ld_library_path_lib')
[125.027s] INFO:colcon.colcon_core.shell:Creating environment hook '/home/joe/ysdrone_2024/install/px4_msgs/share/px4_msgs/hook/ld_library_path_lib.ps1'
[125.027s] INFO:colcon.colcon_core.shell:Creating environment descriptor '/home/joe/ysdrone_2024/install/px4_msgs/share/px4_msgs/hook/ld_library_path_lib.dsv'
[125.027s] INFO:colcon.colcon_core.shell:Creating environment hook '/home/joe/ysdrone_2024/install/px4_msgs/share/px4_msgs/hook/ld_library_path_lib.sh'
[125.027s] Level 1:colcon.colcon_core.environment:checking '/home/joe/ysdrone_2024/install/px4_msgs/bin'
[125.027s] Level 1:colcon.colcon_core.environment:checking '/home/joe/ysdrone_2024/install/px4_msgs/lib/pkgconfig/px4_msgs.pc'
[125.028s] Level 1:colcon.colcon_core.environment:checking '/home/joe/ysdrone_2024/install/px4_msgs/lib/python3.10/site-packages'
[125.028s] Level 1:colcon.colcon_core.environment:checking '/home/joe/ysdrone_2024/install/px4_msgs/bin'
[125.028s] INFO:colcon.colcon_core.shell:Creating package script '/home/joe/ysdrone_2024/install/px4_msgs/share/px4_msgs/package.ps1'
[125.029s] INFO:colcon.colcon_core.shell:Creating package descriptor '/home/joe/ysdrone_2024/install/px4_msgs/share/px4_msgs/package.dsv'
[125.029s] INFO:colcon.colcon_core.shell:Creating package script '/home/joe/ysdrone_2024/install/px4_msgs/share/px4_msgs/package.sh'
[125.029s] INFO:colcon.colcon_core.shell:Creating package script '/home/joe/ysdrone_2024/install/px4_msgs/share/px4_msgs/package.bash'
[125.030s] INFO:colcon.colcon_core.shell:Creating package script '/home/joe/ysdrone_2024/install/px4_msgs/share/px4_msgs/package.zsh'
[125.030s] Level 1:colcon.colcon_core.environment:create_file_with_runtime_dependencies(/home/joe/ysdrone_2024/install/px4_msgs/share/colcon-core/packages/px4_msgs)
[128.523s] Level 1:colcon.colcon_core.environment:create_environment_scripts_only(px4_msgs)
[128.523s] Level 1:colcon.colcon_core.environment:checking '/home/joe/ysdrone_2024/install/px4_msgs' for CMake module files
[128.524s] Level 1:colcon.colcon_core.environment:checking '/home/joe/ysdrone_2024/install/px4_msgs' for CMake config files
[128.524s] Level 1:colcon.colcon_core.shell:create_environment_hook('px4_msgs', 'cmake_prefix_path')
[128.524s] INFO:colcon.colcon_core.shell:Creating environment hook '/home/joe/ysdrone_2024/install/px4_msgs/share/px4_msgs/hook/cmake_prefix_path.ps1'
[128.524s] INFO:colcon.colcon_core.shell:Creating environment descriptor '/home/joe/ysdrone_2024/install/px4_msgs/share/px4_msgs/hook/cmake_prefix_path.dsv'
[128.525s] INFO:colcon.colcon_core.shell:Creating environment hook '/home/joe/ysdrone_2024/install/px4_msgs/share/px4_msgs/hook/cmake_prefix_path.sh'
[128.525s] Level 1:colcon.colcon_core.environment:checking '/home/joe/ysdrone_2024/install/px4_msgs/lib'
[128.525s] Level 1:colcon.colcon_core.shell:create_environment_hook('px4_msgs', 'ld_library_path_lib')
[128.525s] INFO:colcon.colcon_core.shell:Creating environment hook '/home/joe/ysdrone_2024/install/px4_msgs/share/px4_msgs/hook/ld_library_path_lib.ps1'
[128.525s] INFO:colcon.colcon_core.shell:Creating environment descriptor '/home/joe/ysdrone_2024/install/px4_msgs/share/px4_msgs/hook/ld_library_path_lib.dsv'
[128.526s] INFO:colcon.colcon_core.shell:Creating environment hook '/home/joe/ysdrone_2024/install/px4_msgs/share/px4_msgs/hook/ld_library_path_lib.sh'
[128.526s] Level 1:colcon.colcon_core.environment:checking '/home/joe/ysdrone_2024/install/px4_msgs/bin'
[128.526s] Level 1:colcon.colcon_core.environment:checking '/home/joe/ysdrone_2024/install/px4_msgs/lib/pkgconfig/px4_msgs.pc'
[128.526s] Level 1:colcon.colcon_core.environment:checking '/home/joe/ysdrone_2024/install/px4_msgs/lib/python3.10/site-packages'
[128.526s] Level 1:colcon.colcon_core.environment:checking '/home/joe/ysdrone_2024/install/px4_msgs/bin'
[128.526s] INFO:colcon.colcon_core.shell:Creating package script '/home/joe/ysdrone_2024/install/px4_msgs/share/px4_msgs/package.ps1'
[128.527s] INFO:colcon.colcon_core.shell:Creating package descriptor '/home/joe/ysdrone_2024/install/px4_msgs/share/px4_msgs/package.dsv'
[128.527s] INFO:colcon.colcon_core.shell:Creating package script '/home/joe/ysdrone_2024/install/px4_msgs/share/px4_msgs/package.sh'
[128.527s] INFO:colcon.colcon_core.shell:Creating package script '/home/joe/ysdrone_2024/install/px4_msgs/share/px4_msgs/package.bash'
[128.527s] INFO:colcon.colcon_core.shell:Creating package script '/home/joe/ysdrone_2024/install/px4_msgs/share/px4_msgs/package.zsh'
[128.528s] Level 1:colcon.colcon_core.environment:create_file_with_runtime_dependencies(/home/joe/ysdrone_2024/install/px4_msgs/share/colcon-core/packages/px4_msgs)
[128.528s] DEBUG:colcon.colcon_parallel_executor.executor.parallel:closing loop
[128.528s] DEBUG:colcon.colcon_parallel_executor.executor.parallel:loop closed
[128.528s] DEBUG:colcon.colcon_parallel_executor.executor.parallel:run_until_complete finished with '0'
[128.528s] DEBUG:colcon.colcon_core.event_reactor:joining thread
[128.531s] INFO:colcon.colcon_core.plugin_system:Skipping extension 'colcon_notification.desktop_notification.terminal_notifier': Not used on non-Darwin systems
[128.532s] INFO:colcon.colcon_core.plugin_system:Skipping extension 'colcon_notification.desktop_notification.win32': Not used on non-Windows systems
[128.532s] INFO:colcon.colcon_notification.desktop_notification:Sending desktop notification using 'notify2'
[128.539s] DEBUG:colcon.colcon_core.event_reactor:joined thread
[128.540s] INFO:colcon.colcon_core.shell:Creating prefix script '/home/joe/ysdrone_2024/install/local_setup.ps1'
[128.540s] INFO:colcon.colcon_core.shell:Creating prefix util module '/home/joe/ysdrone_2024/install/_local_setup_util_ps1.py'
[128.541s] INFO:colcon.colcon_core.shell:Creating prefix chain script '/home/joe/ysdrone_2024/install/setup.ps1'
[128.541s] INFO:colcon.colcon_core.shell:Creating prefix script '/home/joe/ysdrone_2024/install/local_setup.sh'
[128.542s] INFO:colcon.colcon_core.shell:Creating prefix util module '/home/joe/ysdrone_2024/install/_local_setup_util_sh.py'
[128.542s] INFO:colcon.colcon_core.shell:Creating prefix chain script '/home/joe/ysdrone_2024/install/setup.sh'
[128.542s] INFO:colcon.colcon_core.shell:Creating prefix script '/home/joe/ysdrone_2024/install/local_setup.bash'
[128.543s] INFO:colcon.colcon_core.shell:Creating prefix chain script '/home/joe/ysdrone_2024/install/setup.bash'
[128.543s] INFO:colcon.colcon_core.shell:Creating prefix script '/home/joe/ysdrone_2024/install/local_setup.zsh'
[128.544s] INFO:colcon.colcon_core.shell:Creating prefix chain script '/home/joe/ysdrone_2024/install/setup.zsh'
