/home/john/krac2024/src/install/dontscrewthepooch/lib/python3.10/site-packages/dontscrewthepooch/goal_pose_to_traj_setpoint.py
/home/john/krac2024/src/install/dontscrewthepooch/lib/python3.10/site-packages/dontscrewthepooch/__init__.py
/home/john/krac2024/src/install/dontscrewthepooch/lib/python3.10/site-packages/dontscrewthepooch/goal_pose_to_traj_setpoint_candidate.py
/home/john/krac2024/src/install/dontscrewthepooch/lib/python3.10/site-packages/dontscrewthepooch/tf2_map_to_odom.py
/home/john/krac2024/src/install/dontscrewthepooch/lib/python3.10/site-packages/dontscrewthepooch/__pycache__/goal_pose_to_traj_setpoint.cpython-310.pyc
/home/john/krac2024/src/install/dontscrewthepooch/lib/python3.10/site-packages/dontscrewthepooch/__pycache__/__init__.cpython-310.pyc
/home/john/krac2024/src/install/dontscrewthepooch/lib/python3.10/site-packages/dontscrewthepooch/__pycache__/goal_pose_to_traj_setpoint_candidate.cpython-310.pyc
/home/john/krac2024/src/install/dontscrewthepooch/lib/python3.10/site-packages/dontscrewthepooch/__pycache__/tf2_map_to_odom.cpython-310.pyc
/home/john/krac2024/src/install/dontscrewthepooch/share/ament_index/resource_index/packages/dontscrewthepooch
/home/john/krac2024/src/install/dontscrewthepooch/share/dontscrewthepooch/package.xml
/home/john/krac2024/src/install/dontscrewthepooch/share/dontscrewthepooch/dontscrewthepooch.launch.py
/home/john/krac2024/src/install/dontscrewthepooch/share/dontscrewthepooch/config/nav2_params_no_map.yaml
/home/john/krac2024/src/install/dontscrewthepooch/lib/python3.10/site-packages/dontscrewthepooch-0.0.0-py3.10.egg-info/requires.txt
/home/john/krac2024/src/install/dontscrewthepooch/lib/python3.10/site-packages/dontscrewthepooch-0.0.0-py3.10.egg-info/top_level.txt
/home/john/krac2024/src/install/dontscrewthepooch/lib/python3.10/site-packages/dontscrewthepooch-0.0.0-py3.10.egg-info/SOURCES.txt
/home/john/krac2024/src/install/dontscrewthepooch/lib/python3.10/site-packages/dontscrewthepooch-0.0.0-py3.10.egg-info/PKG-INFO
/home/john/krac2024/src/install/dontscrewthepooch/lib/python3.10/site-packages/dontscrewthepooch-0.0.0-py3.10.egg-info/dependency_links.txt
/home/john/krac2024/src/install/dontscrewthepooch/lib/python3.10/site-packages/dontscrewthepooch-0.0.0-py3.10.egg-info/zip-safe
/home/john/krac2024/src/install/dontscrewthepooch/lib/python3.10/site-packages/dontscrewthepooch-0.0.0-py3.10.egg-info/entry_points.txt
/home/john/krac2024/src/install/dontscrewthepooch/lib/dontscrewthepooch/goal_pose_to_traj_setpoint
/home/john/krac2024/src/install/dontscrewthepooch/lib/dontscrewthepooch/tf2_map_to_odom
