[0.379s] Invoking command in '/home/joe/ysdrone_2024/src/mission_control': PYTHONPATH=/home/joe/ysdrone_2024/build/mission_control/prefix_override:/usr/lib/python3/dist-packages/colcon_core/task/python/colcon_distutils_commands:/home/joe/ysdrone_2024/install/mission_control/lib/python3.10/site-packages:${PYTHONPATH} /usr/bin/python3 -W ignore:setup.py install is deprecated setup.py egg_info --egg-base ../../build/mission_control build --build-base /home/joe/ysdrone_2024/build/mission_control/build install --record /home/joe/ysdrone_2024/build/mission_control/install.log --single-version-externally-managed install_data
[0.532s] running egg_info
[0.533s] creating ../../build/mission_control/mission_control.egg-info
[0.533s] writing ../../build/mission_control/mission_control.egg-info/PKG-INFO
[0.533s] writing dependency_links to ../../build/mission_control/mission_control.egg-info/dependency_links.txt
[0.533s] writing entry points to ../../build/mission_control/mission_control.egg-info/entry_points.txt
[0.533s] writing requirements to ../../build/mission_control/mission_control.egg-info/requires.txt
[0.533s] writing top-level names to ../../build/mission_control/mission_control.egg-info/top_level.txt
[0.533s] writing manifest file '../../build/mission_control/mission_control.egg-info/SOURCES.txt'
[0.534s] reading manifest file '../../build/mission_control/mission_control.egg-info/SOURCES.txt'
[0.534s] adding license file 'LICENSE'
[0.534s] writing manifest file '../../build/mission_control/mission_control.egg-info/SOURCES.txt'
[0.534s] running build
[0.534s] running build_py
[0.534s] creating /home/joe/ysdrone_2024/build/mission_control/build
[0.534s] creating /home/joe/ysdrone_2024/build/mission_control/build/lib
[0.534s] creating /home/joe/ysdrone_2024/build/mission_control/build/lib/mission_control
[0.534s] copying mission_control/__init__.py -> /home/joe/ysdrone_2024/build/mission_control/build/lib/mission_control
[0.534s] running install
[0.534s] running install_lib
[0.535s] creating /home/joe/ysdrone_2024/install/mission_control/lib/python3.10/site-packages/mission_control
[0.535s] copying /home/joe/ysdrone_2024/build/mission_control/build/lib/mission_control/__init__.py -> /home/joe/ysdrone_2024/install/mission_control/lib/python3.10/site-packages/mission_control
[0.535s] byte-compiling /home/joe/ysdrone_2024/install/mission_control/lib/python3.10/site-packages/mission_control/__init__.py to __init__.cpython-310.pyc
[0.535s] running install_data
[0.535s] creating /home/joe/ysdrone_2024/install/mission_control/share/ament_index
[0.536s] creating /home/joe/ysdrone_2024/install/mission_control/share/ament_index/resource_index
[0.536s] creating /home/joe/ysdrone_2024/install/mission_control/share/ament_index/resource_index/packages
[0.536s] copying resource/mission_control -> /home/joe/ysdrone_2024/install/mission_control/share/ament_index/resource_index/packages
[0.536s] copying package.xml -> /home/joe/ysdrone_2024/install/mission_control/share/mission_control
[0.536s] running install_egg_info
[0.537s] Copying ../../build/mission_control/mission_control.egg-info to /home/joe/ysdrone_2024/install/mission_control/lib/python3.10/site-packages/mission_control-0.0.0-py3.10.egg-info
[0.537s] running install_scripts
[0.550s] writing list of installed files to '/home/joe/ysdrone_2024/build/mission_control/install.log'
[0.563s] Invoked command in '/home/joe/ysdrone_2024/src/mission_control' returned '0': PYTHONPATH=/home/joe/ysdrone_2024/build/mission_control/prefix_override:/usr/lib/python3/dist-packages/colcon_core/task/python/colcon_distutils_commands:/home/joe/ysdrone_2024/install/mission_control/lib/python3.10/site-packages:${PYTHONPATH} /usr/bin/python3 -W ignore:setup.py install is deprecated setup.py egg_info --egg-base ../../build/mission_control build --build-base /home/joe/ysdrone_2024/build/mission_control/build install --record /home/joe/ysdrone_2024/build/mission_control/install.log --single-version-externally-managed install_data
