[0.303s] Invoking command in '/home/john/krac2024/src/dontscrewthepooch': PYTHONPATH=/home/john/krac2024/src/build/dontscrewthepooch/prefix_override:/home/john/krac2024/src/install/dontscrewthepooch/lib/python3.10/site-packages:${PYTHONPATH} /usr/bin/python3 -W ignore:setup.py install is deprecated setup.py egg_info --egg-base ../build/dontscrewthepooch build --build-base /home/john/krac2024/src/build/dontscrewthepooch/build install --record /home/john/krac2024/src/build/dontscrewthepooch/install.log --single-version-externally-managed install_data
[0.415s] running egg_info
[0.415s] writing ../build/dontscrewthepooch/dontscrewthepooch.egg-info/PKG-INFO
[0.415s] writing dependency_links to ../build/dontscrewthepooch/dontscrewthepooch.egg-info/dependency_links.txt
[0.415s] writing entry points to ../build/dontscrewthepooch/dontscrewthepooch.egg-info/entry_points.txt
[0.415s] writing requirements to ../build/dontscrewthepooch/dontscrewthepooch.egg-info/requires.txt
[0.415s] writing top-level names to ../build/dontscrewthepooch/dontscrewthepooch.egg-info/top_level.txt
[0.416s] reading manifest file '../build/dontscrewthepooch/dontscrewthepooch.egg-info/SOURCES.txt'
[0.417s] writing manifest file '../build/dontscrewthepooch/dontscrewthepooch.egg-info/SOURCES.txt'
[0.417s] running build
[0.417s] running build_py
[0.417s] copying dontscrewthepooch/goal_pose_to_traj_setpoint.py -> /home/john/krac2024/src/build/dontscrewthepooch/build/lib/dontscrewthepooch
[0.417s] running install
[0.417s] running install_lib
[0.417s] copying /home/john/krac2024/src/build/dontscrewthepooch/build/lib/dontscrewthepooch/goal_pose_to_traj_setpoint.py -> /home/john/krac2024/src/install/dontscrewthepooch/lib/python3.10/site-packages/dontscrewthepooch
[0.418s] byte-compiling /home/john/krac2024/src/install/dontscrewthepooch/lib/python3.10/site-packages/dontscrewthepooch/goal_pose_to_traj_setpoint.py to goal_pose_to_traj_setpoint.cpython-310.pyc
[0.418s] running install_data
[0.418s] running install_egg_info
[0.419s] removing '/home/john/krac2024/src/install/dontscrewthepooch/lib/python3.10/site-packages/dontscrewthepooch-0.0.0-py3.10.egg-info' (and everything under it)
[0.419s] Copying ../build/dontscrewthepooch/dontscrewthepooch.egg-info to /home/john/krac2024/src/install/dontscrewthepooch/lib/python3.10/site-packages/dontscrewthepooch-0.0.0-py3.10.egg-info
[0.419s] running install_scripts
[0.429s] Installing goal_pose_to_traj_setpoint script to /home/john/krac2024/src/install/dontscrewthepooch/lib/dontscrewthepooch
[0.429s] Installing tf2_map_to_odom script to /home/john/krac2024/src/install/dontscrewthepooch/lib/dontscrewthepooch
[0.429s] writing list of installed files to '/home/john/krac2024/src/build/dontscrewthepooch/install.log'
[0.441s] Invoked command in '/home/john/krac2024/src/dontscrewthepooch' returned '0': PYTHONPATH=/home/john/krac2024/src/build/dontscrewthepooch/prefix_override:/home/john/krac2024/src/install/dontscrewthepooch/lib/python3.10/site-packages:${PYTHONPATH} /usr/bin/python3 -W ignore:setup.py install is deprecated setup.py egg_info --egg-base ../build/dontscrewthepooch build --build-base /home/john/krac2024/src/build/dontscrewthepooch/build install --record /home/john/krac2024/src/build/dontscrewthepooch/install.log --single-version-externally-managed install_data
