running egg_info
writing ../build/dontscrewthepooch/dontscrewthepooch.egg-info/PKG-INFO
writing dependency_links to ../build/dontscrewthepooch/dontscrewthepooch.egg-info/dependency_links.txt
writing entry points to ../build/dontscrewthepooch/dontscrewthepooch.egg-info/entry_points.txt
writing requirements to ../build/dontscrewthepooch/dontscrewthepooch.egg-info/requires.txt
writing top-level names to ../build/dontscrewthepooch/dontscrewthepooch.egg-info/top_level.txt
reading manifest file '../build/dontscrewthepooch/dontscrewthepooch.egg-info/SOURCES.txt'
writing manifest file '../build/dontscrewthepooch/dontscrewthepooch.egg-info/SOURCES.txt'
running build
running build_py
copying dontscrewthepooch/goal_pose_to_traj_setpoint.py -> /home/john/krac2024/src/build/dontscrewthepooch/build/lib/dontscrewthepooch
running install
running install_lib
copying /home/john/krac2024/src/build/dontscrewthepooch/build/lib/dontscrewthepooch/goal_pose_to_traj_setpoint.py -> /home/john/krac2024/src/install/dontscrewthepooch/lib/python3.10/site-packages/dontscrewthepooch
byte-compiling /home/john/krac2024/src/install/dontscrewthepooch/lib/python3.10/site-packages/dontscrewthepooch/goal_pose_to_traj_setpoint.py to goal_pose_to_traj_setpoint.cpython-310.pyc
running install_data
copying launch/dontscrewthepooch.launch.py -> /home/john/krac2024/src/install/dontscrewthepooch/share/dontscrewthepooch
copying config/nav2_params_no_map.yaml -> /home/john/krac2024/src/install/dontscrewthepooch/share/dontscrewthepooch/config
running install_egg_info
removing '/home/john/krac2024/src/install/dontscrewthepooch/lib/python3.10/site-packages/dontscrewthepooch-0.0.0-py3.10.egg-info' (and everything under it)
Copying ../build/dontscrewthepooch/dontscrewthepooch.egg-info to /home/john/krac2024/src/install/dontscrewthepooch/lib/python3.10/site-packages/dontscrewthepooch-0.0.0-py3.10.egg-info
running install_scripts
Installing goal_pose_to_traj_setpoint script to /home/john/krac2024/src/install/dontscrewthepooch/lib/dontscrewthepooch
Installing tf2_map_to_odom script to /home/john/krac2024/src/install/dontscrewthepooch/lib/dontscrewthepooch
writing list of installed files to '/home/john/krac2024/src/build/dontscrewthepooch/install.log'
