[0.308s] Invoking command in '/home/john/krac2024/src/dontscrewthepooch': PYTHONPATH=/home/john/krac2024/src/build/dontscrewthepooch/prefix_override:/home/john/krac2024/src/install/dontscrewthepooch/lib/python3.10/site-packages:${PYTHONPATH} /usr/bin/python3 -W ignore:setup.py install is deprecated setup.py egg_info --egg-base ../build/dontscrewthepooch build --build-base /home/john/krac2024/src/build/dontscrewthepooch/build install --record /home/john/krac2024/src/build/dontscrewthepooch/install.log --single-version-externally-managed install_data
[0.422s] running egg_info
[0.423s] writing ../build/dontscrewthepooch/dontscrewthepooch.egg-info/PKG-INFO
[0.423s] writing dependency_links to ../build/dontscrewthepooch/dontscrewthepooch.egg-info/dependency_links.txt
[0.423s] writing entry points to ../build/dontscrewthepooch/dontscrewthepooch.egg-info/entry_points.txt
[0.423s] writing requirements to ../build/dontscrewthepooch/dontscrewthepooch.egg-info/requires.txt
[0.423s] writing top-level names to ../build/dontscrewthepooch/dontscrewthepooch.egg-info/top_level.txt
[0.424s] reading manifest file '../build/dontscrewthepooch/dontscrewthepooch.egg-info/SOURCES.txt'
[0.424s] writing manifest file '../build/dontscrewthepooch/dontscrewthepooch.egg-info/SOURCES.txt'
[0.425s] running build
[0.425s] running build_py
[0.425s] running install
[0.425s] running install_lib
[0.426s] running install_data
[0.426s] copying config/nav2_params_no_map.yaml -> /home/john/krac2024/src/install/dontscrewthepooch/share/dontscrewthepooch/config
[0.426s] running install_egg_info
[0.427s] removing '/home/john/krac2024/src/install/dontscrewthepooch/lib/python3.10/site-packages/dontscrewthepooch-0.0.0-py3.10.egg-info' (and everything under it)
[0.427s] Copying ../build/dontscrewthepooch/dontscrewthepooch.egg-info to /home/john/krac2024/src/install/dontscrewthepooch/lib/python3.10/site-packages/dontscrewthepooch-0.0.0-py3.10.egg-info
[0.427s] running install_scripts
[0.438s] Installing tf2_map_to_odom script to /home/john/krac2024/src/install/dontscrewthepooch/lib/dontscrewthepooch
[0.438s] writing list of installed files to '/home/john/krac2024/src/build/dontscrewthepooch/install.log'
[0.449s] Invoked command in '/home/john/krac2024/src/dontscrewthepooch' returned '0': PYTHONPATH=/home/john/krac2024/src/build/dontscrewthepooch/prefix_override:/home/john/krac2024/src/install/dontscrewthepooch/lib/python3.10/site-packages:${PYTHONPATH} /usr/bin/python3 -W ignore:setup.py install is deprecated setup.py egg_info --egg-base ../build/dontscrewthepooch build --build-base /home/john/krac2024/src/build/dontscrewthepooch/build install --record /home/john/krac2024/src/build/dontscrewthepooch/install.log --single-version-externally-managed install_data
