[0.266s] Invoking command in '/home/john/krac2024/src/dontscrewthepooch': PYTHONPATH=/home/john/krac2024/src/build/dontscrewthepooch/prefix_override:/home/john/krac2024/src/install/dontscrewthepooch/lib/python3.10/site-packages:${PYTHONPATH} /usr/bin/python3 -W ignore:setup.py install is deprecated setup.py egg_info --egg-base ../build/dontscrewthepooch build --build-base /home/john/krac2024/src/build/dontscrewthepooch/build install --record /home/john/krac2024/src/build/dontscrewthepooch/install.log --single-version-externally-managed install_data
[0.368s] running egg_info
[0.368s] writing ../build/dontscrewthepooch/dontscrewthepooch.egg-info/PKG-INFO
[0.368s] writing dependency_links to ../build/dontscrewthepooch/dontscrewthepooch.egg-info/dependency_links.txt
[0.368s] writing entry points to ../build/dontscrewthepooch/dontscrewthepooch.egg-info/entry_points.txt
[0.369s] writing requirements to ../build/dontscrewthepooch/dontscrewthepooch.egg-info/requires.txt
[0.369s] writing top-level names to ../build/dontscrewthepooch/dontscrewthepooch.egg-info/top_level.txt
[0.369s] reading manifest file '../build/dontscrewthepooch/dontscrewthepooch.egg-info/SOURCES.txt'
[0.370s] writing manifest file '../build/dontscrewthepooch/dontscrewthepooch.egg-info/SOURCES.txt'
[0.370s] running build
[0.370s] running build_py
[0.370s] running install
[0.370s] running install_lib
[0.371s] running install_data
[0.371s] running install_egg_info
[0.372s] removing '/home/john/krac2024/src/install/dontscrewthepooch/lib/python3.10/site-packages/dontscrewthepooch-0.0.0-py3.10.egg-info' (and everything under it)
[0.372s] Copying ../build/dontscrewthepooch/dontscrewthepooch.egg-info to /home/john/krac2024/src/install/dontscrewthepooch/lib/python3.10/site-packages/dontscrewthepooch-0.0.0-py3.10.egg-info
[0.372s] running install_scripts
[0.381s] Installing tf2_map_to_odom script to /home/john/krac2024/src/install/dontscrewthepooch/lib/dontscrewthepooch
[0.381s] writing list of installed files to '/home/john/krac2024/src/build/dontscrewthepooch/install.log'
[0.391s] Invoked command in '/home/john/krac2024/src/dontscrewthepooch' returned '0': PYTHONPATH=/home/john/krac2024/src/build/dontscrewthepooch/prefix_override:/home/john/krac2024/src/install/dontscrewthepooch/lib/python3.10/site-packages:${PYTHONPATH} /usr/bin/python3 -W ignore:setup.py install is deprecated setup.py egg_info --egg-base ../build/dontscrewthepooch build --build-base /home/john/krac2024/src/build/dontscrewthepooch/build install --record /home/john/krac2024/src/build/dontscrewthepooch/install.log --single-version-externally-managed install_data
