running egg_info
creating ../build/dontscrewthepooch/dontscrewthepooch.egg-info
writing ../build/dontscrewthepooch/dontscrewthepooch.egg-info/PKG-INFO
writing dependency_links to ../build/dontscrewthepooch/dontscrewthepooch.egg-info/dependency_links.txt
writing entry points to ../build/dontscrewthepooch/dontscrewthepooch.egg-info/entry_points.txt
writing requirements to ../build/dontscrewthepooch/dontscrewthepooch.egg-info/requires.txt
writing top-level names to ../build/dontscrewthepooch/dontscrewthepooch.egg-info/top_level.txt
writing manifest file '../build/dontscrewthepooch/dontscrewthepooch.egg-info/SOURCES.txt'
reading manifest file '../build/dontscrewthepooch/dontscrewthepooch.egg-info/SOURCES.txt'
writing manifest file '../build/dontscrewthepooch/dontscrewthepooch.egg-info/SOURCES.txt'
running build
running build_py
creating /home/john/krac2024/src/build/dontscrewthepooch/build
creating /home/john/krac2024/src/build/dontscrewthepooch/build/lib
creating /home/john/krac2024/src/build/dontscrewthepooch/build/lib/dontscrewthepooch
copying dontscrewthepooch/__init__.py -> /home/john/krac2024/src/build/dontscrewthepooch/build/lib/dontscrewthepooch
copying dontscrewthepooch/tf2_map_to_odom.py -> /home/john/krac2024/src/build/dontscrewthepooch/build/lib/dontscrewthepooch
running install
running install_lib
creating /home/john/krac2024/src/install/dontscrewthepooch/lib/python3.10/site-packages/dontscrewthepooch
copying /home/john/krac2024/src/build/dontscrewthepooch/build/lib/dontscrewthepooch/__init__.py -> /home/john/krac2024/src/install/dontscrewthepooch/lib/python3.10/site-packages/dontscrewthepooch
copying /home/john/krac2024/src/build/dontscrewthepooch/build/lib/dontscrewthepooch/tf2_map_to_odom.py -> /home/john/krac2024/src/install/dontscrewthepooch/lib/python3.10/site-packages/dontscrewthepooch
byte-compiling /home/john/krac2024/src/install/dontscrewthepooch/lib/python3.10/site-packages/dontscrewthepooch/__init__.py to __init__.cpython-310.pyc
byte-compiling /home/john/krac2024/src/install/dontscrewthepooch/lib/python3.10/site-packages/dontscrewthepooch/tf2_map_to_odom.py to tf2_map_to_odom.cpython-310.pyc
running install_data
creating /home/john/krac2024/src/install/dontscrewthepooch/share/ament_index
creating /home/john/krac2024/src/install/dontscrewthepooch/share/ament_index/resource_index
creating /home/john/krac2024/src/install/dontscrewthepooch/share/ament_index/resource_index/packages
copying resource/dontscrewthepooch -> /home/john/krac2024/src/install/dontscrewthepooch/share/ament_index/resource_index/packages
copying package.xml -> /home/john/krac2024/src/install/dontscrewthepooch/share/dontscrewthepooch
copying launch/dontscrewthepooch.launch.py -> /home/john/krac2024/src/install/dontscrewthepooch/share/dontscrewthepooch
creating /home/john/krac2024/src/install/dontscrewthepooch/share/dontscrewthepooch/config
copying config/nav2_params_no_map.yaml -> /home/john/krac2024/src/install/dontscrewthepooch/share/dontscrewthepooch/config
running install_egg_info
Copying ../build/dontscrewthepooch/dontscrewthepooch.egg-info to /home/john/krac2024/src/install/dontscrewthepooch/lib/python3.10/site-packages/dontscrewthepooch-0.0.0-py3.10.egg-info
running install_scripts
Installing tf2_map_to_odom script to /home/john/krac2024/src/install/dontscrewthepooch/lib/dontscrewthepooch
writing list of installed files to '/home/john/krac2024/src/build/dontscrewthepooch/install.log'
