[0.275s] Invoking command in '/home/john/krac2024/src/dontscrewthepooch': PYTHONPATH=/home/john/krac2024/src/build/dontscrewthepooch/prefix_override:/home/john/krac2024/src/install/dontscrewthepooch/lib/python3.10/site-packages:${PYTHONPATH} /usr/bin/python3 -W ignore:setup.py install is deprecated setup.py egg_info --egg-base ../build/dontscrewthepooch build --build-base /home/john/krac2024/src/build/dontscrewthepooch/build install --record /home/john/krac2024/src/build/dontscrewthepooch/install.log --single-version-externally-managed install_data
[0.377s] running egg_info
[0.377s] creating ../build/dontscrewthepooch/dontscrewthepooch.egg-info
[0.377s] writing ../build/dontscrewthepooch/dontscrewthepooch.egg-info/PKG-INFO
[0.377s] writing dependency_links to ../build/dontscrewthepooch/dontscrewthepooch.egg-info/dependency_links.txt
[0.378s] writing entry points to ../build/dontscrewthepooch/dontscrewthepooch.egg-info/entry_points.txt
[0.378s] writing requirements to ../build/dontscrewthepooch/dontscrewthepooch.egg-info/requires.txt
[0.378s] writing top-level names to ../build/dontscrewthepooch/dontscrewthepooch.egg-info/top_level.txt
[0.378s] writing manifest file '../build/dontscrewthepooch/dontscrewthepooch.egg-info/SOURCES.txt'
[0.378s] reading manifest file '../build/dontscrewthepooch/dontscrewthepooch.egg-info/SOURCES.txt'
[0.379s] writing manifest file '../build/dontscrewthepooch/dontscrewthepooch.egg-info/SOURCES.txt'
[0.379s] running build
[0.379s] running build_py
[0.379s] creating /home/john/krac2024/src/build/dontscrewthepooch/build
[0.379s] creating /home/john/krac2024/src/build/dontscrewthepooch/build/lib
[0.379s] creating /home/john/krac2024/src/build/dontscrewthepooch/build/lib/dontscrewthepooch
[0.379s] copying dontscrewthepooch/__init__.py -> /home/john/krac2024/src/build/dontscrewthepooch/build/lib/dontscrewthepooch
[0.379s] copying dontscrewthepooch/tf2_map_to_odom.py -> /home/john/krac2024/src/build/dontscrewthepooch/build/lib/dontscrewthepooch
[0.379s] running install
[0.379s] running install_lib
[0.379s] creating /home/john/krac2024/src/install/dontscrewthepooch/lib/python3.10/site-packages/dontscrewthepooch
[0.379s] copying /home/john/krac2024/src/build/dontscrewthepooch/build/lib/dontscrewthepooch/__init__.py -> /home/john/krac2024/src/install/dontscrewthepooch/lib/python3.10/site-packages/dontscrewthepooch
[0.379s] copying /home/john/krac2024/src/build/dontscrewthepooch/build/lib/dontscrewthepooch/tf2_map_to_odom.py -> /home/john/krac2024/src/install/dontscrewthepooch/lib/python3.10/site-packages/dontscrewthepooch
[0.380s] byte-compiling /home/john/krac2024/src/install/dontscrewthepooch/lib/python3.10/site-packages/dontscrewthepooch/__init__.py to __init__.cpython-310.pyc
[0.380s] byte-compiling /home/john/krac2024/src/install/dontscrewthepooch/lib/python3.10/site-packages/dontscrewthepooch/tf2_map_to_odom.py to tf2_map_to_odom.cpython-310.pyc
[0.380s] running install_data
[0.380s] creating /home/john/krac2024/src/install/dontscrewthepooch/share/ament_index
[0.380s] creating /home/john/krac2024/src/install/dontscrewthepooch/share/ament_index/resource_index
[0.380s] creating /home/john/krac2024/src/install/dontscrewthepooch/share/ament_index/resource_index/packages
[0.380s] copying resource/dontscrewthepooch -> /home/john/krac2024/src/install/dontscrewthepooch/share/ament_index/resource_index/packages
[0.380s] copying package.xml -> /home/john/krac2024/src/install/dontscrewthepooch/share/dontscrewthepooch
[0.380s] copying launch/dontscrewthepooch.launch.py -> /home/john/krac2024/src/install/dontscrewthepooch/share/dontscrewthepooch
[0.380s] creating /home/john/krac2024/src/install/dontscrewthepooch/share/dontscrewthepooch/config
[0.380s] copying config/nav2_params_no_map.yaml -> /home/john/krac2024/src/install/dontscrewthepooch/share/dontscrewthepooch/config
[0.381s] running install_egg_info
[0.381s] Copying ../build/dontscrewthepooch/dontscrewthepooch.egg-info to /home/john/krac2024/src/install/dontscrewthepooch/lib/python3.10/site-packages/dontscrewthepooch-0.0.0-py3.10.egg-info
[0.381s] running install_scripts
[0.390s] Installing tf2_map_to_odom script to /home/john/krac2024/src/install/dontscrewthepooch/lib/dontscrewthepooch
[0.390s] writing list of installed files to '/home/john/krac2024/src/build/dontscrewthepooch/install.log'
[0.399s] Invoked command in '/home/john/krac2024/src/dontscrewthepooch' returned '0': PYTHONPATH=/home/john/krac2024/src/build/dontscrewthepooch/prefix_override:/home/john/krac2024/src/install/dontscrewthepooch/lib/python3.10/site-packages:${PYTHONPATH} /usr/bin/python3 -W ignore:setup.py install is deprecated setup.py egg_info --egg-base ../build/dontscrewthepooch build --build-base /home/john/krac2024/src/build/dontscrewthepooch/build install --record /home/john/krac2024/src/build/dontscrewthepooch/install.log --single-version-externally-managed install_data
