/home/joe/ysdrone_2024/install/mission_control/lib/python3.10/site-packages/mission_control/offboard_start.py
/home/joe/ysdrone_2024/install/mission_control/lib/python3.10/site-packages/mission_control/visualizer.py
/home/joe/ysdrone_2024/install/mission_control/lib/python3.10/site-packages/mission_control/mission1.py
/home/joe/ysdrone_2024/install/mission_control/lib/python3.10/site-packages/mission_control/__init__.py
/home/joe/ysdrone_2024/install/mission_control/lib/python3.10/site-packages/mission_control/__pycache__/offboard_start.cpython-310.pyc
/home/joe/ysdrone_2024/install/mission_control/lib/python3.10/site-packages/mission_control/__pycache__/visualizer.cpython-310.pyc
/home/joe/ysdrone_2024/install/mission_control/lib/python3.10/site-packages/mission_control/__pycache__/mission1.cpython-310.pyc
/home/joe/ysdrone_2024/install/mission_control/lib/python3.10/site-packages/mission_control/__pycache__/__init__.cpython-310.pyc
/home/joe/ysdrone_2024/install/mission_control/share/ament_index/resource_index/packages/mission_control
/home/joe/ysdrone_2024/install/mission_control/share/ament_index/resource_index/packages/visualize.rviz
/home/joe/ysdrone_2024/install/mission_control/share/mission_control/package.xml
/home/joe/ysdrone_2024/install/mission_control/share/mission_control/missions.launch.py
/home/joe/ysdrone_2024/install/mission_control/share/mission_control/visualize.rviz
/home/joe/ysdrone_2024/install/mission_control/lib/python3.10/site-packages/mission_control-0.0.0-py3.10.egg-info/top_level.txt
/home/joe/ysdrone_2024/install/mission_control/lib/python3.10/site-packages/mission_control-0.0.0-py3.10.egg-info/zip-safe
/home/joe/ysdrone_2024/install/mission_control/lib/python3.10/site-packages/mission_control-0.0.0-py3.10.egg-info/entry_points.txt
/home/joe/ysdrone_2024/install/mission_control/lib/python3.10/site-packages/mission_control-0.0.0-py3.10.egg-info/dependency_links.txt
/home/joe/ysdrone_2024/install/mission_control/lib/python3.10/site-packages/mission_control-0.0.0-py3.10.egg-info/SOURCES.txt
/home/joe/ysdrone_2024/install/mission_control/lib/python3.10/site-packages/mission_control-0.0.0-py3.10.egg-info/PKG-INFO
/home/joe/ysdrone_2024/install/mission_control/lib/python3.10/site-packages/mission_control-0.0.0-py3.10.egg-info/requires.txt
/home/joe/ysdrone_2024/install/mission_control/lib/mission_control/mission1
/home/joe/ysdrone_2024/install/mission_control/lib/mission_control/offboard_start
/home/joe/ysdrone_2024/install/mission_control/lib/mission_control/visualizer
