[0.071s] DEBUG:colcon:Command line arguments: ['/usr/bin/colcon', 'build']
[0.071s] DEBUG:colcon:Parsed command line arguments: Namespace(log_base=None, log_level=None, verb_name='build', build_base='build', install_base='install', merge_install=False, symlink_install=False, test_result_base=None, continue_on_error=False, executor='parallel', parallel_workers=12, event_handlers=None, ignore_user_meta=False, metas=['./colcon.meta'], base_paths=['.'], packages_ignore=None, packages_ignore_regex=None, paths=None, packages_up_to=None, packages_up_to_regex=None, packages_above=None, packages_above_and_dependencies=None, packages_above_depth=None, packages_select_by_dep=None, packages_skip_by_dep=None, packages_skip_up_to=None, packages_select_build_failed=False, packages_skip_build_finished=False, packages_select_test_failures=False, packages_skip_test_passed=False, packages_select=None, packages_skip=None, packages_select_regex=None, packages_skip_regex=None, packages_start=None, packages_end=None, allow_overriding=[], cmake_args=None, cmake_target=None, cmake_target_skip_unavailable=False, cmake_clean_cache=False, cmake_clean_first=False, cmake_force_configure=False, ament_cmake_args=None, catkin_cmake_args=None, catkin_skip_building_tests=False, mixin_files=None, mixin=None, verb_parser=<colcon_mixin.mixin.mixin_argument.MixinArgumentDecorator object at 0x776438ef6770>, verb_extension=<colcon_core.verb.build.BuildVerb object at 0x776438ef6290>, main=<bound method BuildVerb.main of <colcon_core.verb.build.BuildVerb object at 0x776438ef6290>>, mixin_verb=('build',))
[0.181s] Level 1:colcon.colcon_core.package_discovery:discover_packages(colcon_meta) check parameters
[0.181s] Level 1:colcon.colcon_core.package_discovery:discover_packages(recursive) check parameters
[0.181s] Level 1:colcon.colcon_core.package_discovery:discover_packages(ignore) check parameters
[0.181s] Level 1:colcon.colcon_core.package_discovery:discover_packages(path) check parameters
[0.181s] Level 1:colcon.colcon_core.package_discovery:discover_packages(colcon_meta) discover
[0.181s] Level 1:colcon.colcon_core.package_discovery:discover_packages(recursive) discover
[0.181s] INFO:colcon.colcon_core.package_discovery:Crawling recursively for packages in '/home/joe/ysdrone_2024'
[0.181s] Level 1:colcon.colcon_core.package_identification:_identify(.) by extensions ['ignore', 'ignore_ament_install']
[0.181s] Level 1:colcon.colcon_core.package_identification:_identify(.) by extension 'ignore'
[0.181s] Level 1:colcon.colcon_core.package_identification:_identify(.) by extension 'ignore_ament_install'
[0.181s] Level 1:colcon.colcon_core.package_identification:_identify(.) by extensions ['colcon_pkg']
[0.181s] Level 1:colcon.colcon_core.package_identification:_identify(.) by extension 'colcon_pkg'
[0.181s] Level 1:colcon.colcon_core.package_identification:_identify(.) by extensions ['colcon_meta']
[0.181s] Level 1:colcon.colcon_core.package_identification:_identify(.) by extension 'colcon_meta'
[0.181s] Level 1:colcon.colcon_core.package_identification:_identify(.) by extensions ['ros']
[0.181s] Level 1:colcon.colcon_core.package_identification:_identify(.) by extension 'ros'
[0.189s] Level 1:colcon.colcon_core.package_identification:_identify(.) by extensions ['cmake', 'python']
[0.189s] Level 1:colcon.colcon_core.package_identification:_identify(.) by extension 'cmake'
[0.189s] Level 1:colcon.colcon_core.package_identification:_identify(.) by extension 'python'
[0.189s] Level 1:colcon.colcon_core.package_identification:_identify(.) by extensions ['python_setup_py']
[0.189s] Level 1:colcon.colcon_core.package_identification:_identify(.) by extension 'python_setup_py'
[0.189s] Level 1:colcon.colcon_core.package_identification:_identify(build) by extensions ['ignore', 'ignore_ament_install']
[0.189s] Level 1:colcon.colcon_core.package_identification:_identify(build) by extension 'ignore'
[0.189s] Level 1:colcon.colcon_core.package_identification:_identify(build) ignored
[0.189s] Level 1:colcon.colcon_core.package_identification:_identify(install) by extensions ['ignore', 'ignore_ament_install']
[0.189s] Level 1:colcon.colcon_core.package_identification:_identify(install) by extension 'ignore'
[0.189s] Level 1:colcon.colcon_core.package_identification:_identify(install) ignored
[0.189s] Level 1:colcon.colcon_core.package_identification:_identify(log) by extensions ['ignore', 'ignore_ament_install']
[0.189s] Level 1:colcon.colcon_core.package_identification:_identify(log) by extension 'ignore'
[0.189s] Level 1:colcon.colcon_core.package_identification:_identify(log) ignored
[0.189s] Level 1:colcon.colcon_core.package_identification:_identify(src) by extensions ['ignore', 'ignore_ament_install']
[0.189s] Level 1:colcon.colcon_core.package_identification:_identify(src) by extension 'ignore'
[0.189s] Level 1:colcon.colcon_core.package_identification:_identify(src) by extension 'ignore_ament_install'
[0.189s] Level 1:colcon.colcon_core.package_identification:_identify(src) by extensions ['colcon_pkg']
[0.189s] Level 1:colcon.colcon_core.package_identification:_identify(src) by extension 'colcon_pkg'
[0.189s] Level 1:colcon.colcon_core.package_identification:_identify(src) by extensions ['colcon_meta']
[0.189s] Level 1:colcon.colcon_core.package_identification:_identify(src) by extension 'colcon_meta'
[0.189s] Level 1:colcon.colcon_core.package_identification:_identify(src) by extensions ['ros']
[0.189s] Level 1:colcon.colcon_core.package_identification:_identify(src) by extension 'ros'
[0.190s] Level 1:colcon.colcon_core.package_identification:_identify(src) by extensions ['cmake', 'python']
[0.190s] Level 1:colcon.colcon_core.package_identification:_identify(src) by extension 'cmake'
[0.190s] Level 1:colcon.colcon_core.package_identification:_identify(src) by extension 'python'
[0.190s] Level 1:colcon.colcon_core.package_identification:_identify(src) by extensions ['python_setup_py']
[0.190s] Level 1:colcon.colcon_core.package_identification:_identify(src) by extension 'python_setup_py'
[0.190s] Level 1:colcon.colcon_core.package_identification:_identify(src/mission_control) by extensions ['ignore', 'ignore_ament_install']
[0.190s] Level 1:colcon.colcon_core.package_identification:_identify(src/mission_control) by extension 'ignore'
[0.190s] Level 1:colcon.colcon_core.package_identification:_identify(src/mission_control) by extension 'ignore_ament_install'
[0.190s] Level 1:colcon.colcon_core.package_identification:_identify(src/mission_control) by extensions ['colcon_pkg']
[0.190s] Level 1:colcon.colcon_core.package_identification:_identify(src/mission_control) by extension 'colcon_pkg'
[0.190s] Level 1:colcon.colcon_core.package_identification:_identify(src/mission_control) by extensions ['colcon_meta']
[0.190s] Level 1:colcon.colcon_core.package_identification:_identify(src/mission_control) by extension 'colcon_meta'
[0.190s] Level 1:colcon.colcon_core.package_identification:_identify(src/mission_control) by extensions ['ros']
[0.190s] Level 1:colcon.colcon_core.package_identification:_identify(src/mission_control) by extension 'ros'
[0.191s] DEBUG:colcon.colcon_core.package_identification:Package 'src/mission_control' with type 'ros.ament_python' and name 'mission_control'
[0.192s] Level 1:colcon.colcon_core.package_identification:_identify(src/px4_msgs) by extensions ['ignore', 'ignore_ament_install']
[0.192s] Level 1:colcon.colcon_core.package_identification:_identify(src/px4_msgs) by extension 'ignore'
[0.192s] Level 1:colcon.colcon_core.package_identification:_identify(src/px4_msgs) by extension 'ignore_ament_install'
[0.192s] Level 1:colcon.colcon_core.package_identification:_identify(src/px4_msgs) by extensions ['colcon_pkg']
[0.192s] Level 1:colcon.colcon_core.package_identification:_identify(src/px4_msgs) by extension 'colcon_pkg'
[0.192s] Level 1:colcon.colcon_core.package_identification:_identify(src/px4_msgs) by extensions ['colcon_meta']
[0.192s] Level 1:colcon.colcon_core.package_identification:_identify(src/px4_msgs) by extension 'colcon_meta'
[0.192s] Level 1:colcon.colcon_core.package_identification:_identify(src/px4_msgs) by extensions ['ros']
[0.192s] Level 1:colcon.colcon_core.package_identification:_identify(src/px4_msgs) by extension 'ros'
[0.192s] DEBUG:colcon.colcon_core.package_identification:Package 'src/px4_msgs' with type 'ros.ament_cmake' and name 'px4_msgs'
[0.192s] Level 1:colcon.colcon_core.package_discovery:discover_packages(recursive) using defaults
[0.192s] Level 1:colcon.colcon_core.package_discovery:discover_packages(ignore) discover
[0.192s] Level 1:colcon.colcon_core.package_discovery:discover_packages(ignore) using defaults
[0.192s] Level 1:colcon.colcon_core.package_discovery:discover_packages(path) discover
[0.192s] Level 1:colcon.colcon_core.package_discovery:discover_packages(path) using defaults
[0.205s] Level 1:colcon.colcon_core.package_discovery:discover_packages(prefix_path) check parameters
[0.205s] Level 1:colcon.colcon_core.package_discovery:discover_packages(prefix_path) discover
[0.206s] DEBUG:colcon.colcon_installed_package_information.package_discovery:Found 270 installed packages in /opt/ros/humble
[0.207s] Level 1:colcon.colcon_core.package_discovery:discover_packages(prefix_path) using defaults
[0.235s] Level 5:colcon.colcon_core.verb:set package 'px4_msgs' build argument 'cmake_args' from command line to 'None'
[0.235s] Level 5:colcon.colcon_core.verb:set package 'px4_msgs' build argument 'cmake_target' from command line to 'None'
[0.235s] Level 5:colcon.colcon_core.verb:set package 'px4_msgs' build argument 'cmake_target_skip_unavailable' from command line to 'False'
[0.235s] Level 5:colcon.colcon_core.verb:set package 'px4_msgs' build argument 'cmake_clean_cache' from command line to 'False'
[0.235s] Level 5:colcon.colcon_core.verb:set package 'px4_msgs' build argument 'cmake_clean_first' from command line to 'False'
[0.235s] Level 5:colcon.colcon_core.verb:set package 'px4_msgs' build argument 'cmake_force_configure' from command line to 'False'
[0.235s] Level 5:colcon.colcon_core.verb:set package 'px4_msgs' build argument 'ament_cmake_args' from command line to 'None'
[0.236s] Level 5:colcon.colcon_core.verb:set package 'px4_msgs' build argument 'catkin_cmake_args' from command line to 'None'
[0.236s] Level 5:colcon.colcon_core.verb:set package 'px4_msgs' build argument 'catkin_skip_building_tests' from command line to 'False'
[0.236s] DEBUG:colcon.colcon_core.verb:Building package 'px4_msgs' with the following arguments: {'ament_cmake_args': None, 'build_base': '/home/joe/ysdrone_2024/build/px4_msgs', 'catkin_cmake_args': None, 'catkin_skip_building_tests': False, 'cmake_args': None, 'cmake_clean_cache': False, 'cmake_clean_first': False, 'cmake_force_configure': False, 'cmake_target': None, 'cmake_target_skip_unavailable': False, 'install_base': '/home/joe/ysdrone_2024/install/px4_msgs', 'merge_install': False, 'path': '/home/joe/ysdrone_2024/src/px4_msgs', 'symlink_install': False, 'test_result_base': None}
[0.236s] Level 5:colcon.colcon_core.verb:set package 'mission_control' build argument 'cmake_args' from command line to 'None'
[0.236s] Level 5:colcon.colcon_core.verb:set package 'mission_control' build argument 'cmake_target' from command line to 'None'
[0.236s] Level 5:colcon.colcon_core.verb:set package 'mission_control' build argument 'cmake_target_skip_unavailable' from command line to 'False'
[0.236s] Level 5:colcon.colcon_core.verb:set package 'mission_control' build argument 'cmake_clean_cache' from command line to 'False'
[0.236s] Level 5:colcon.colcon_core.verb:set package 'mission_control' build argument 'cmake_clean_first' from command line to 'False'
[0.236s] Level 5:colcon.colcon_core.verb:set package 'mission_control' build argument 'cmake_force_configure' from command line to 'False'
[0.236s] Level 5:colcon.colcon_core.verb:set package 'mission_control' build argument 'ament_cmake_args' from command line to 'None'
[0.236s] Level 5:colcon.colcon_core.verb:set package 'mission_control' build argument 'catkin_cmake_args' from command line to 'None'
[0.236s] Level 5:colcon.colcon_core.verb:set package 'mission_control' build argument 'catkin_skip_building_tests' from command line to 'False'
[0.236s] DEBUG:colcon.colcon_core.verb:Building package 'mission_control' with the following arguments: {'ament_cmake_args': None, 'build_base': '/home/joe/ysdrone_2024/build/mission_control', 'catkin_cmake_args': None, 'catkin_skip_building_tests': False, 'cmake_args': None, 'cmake_clean_cache': False, 'cmake_clean_first': False, 'cmake_force_configure': False, 'cmake_target': None, 'cmake_target_skip_unavailable': False, 'install_base': '/home/joe/ysdrone_2024/install/mission_control', 'merge_install': False, 'path': '/home/joe/ysdrone_2024/src/mission_control', 'symlink_install': False, 'test_result_base': None}
[0.236s] INFO:colcon.colcon_core.executor:Executing jobs using 'parallel' executor
[0.237s] DEBUG:colcon.colcon_parallel_executor.executor.parallel:run_until_complete
[0.237s] INFO:colcon.colcon_ros.task.ament_cmake.build:Building ROS package in '/home/joe/ysdrone_2024/src/px4_msgs' with build type 'ament_cmake'
[0.237s] INFO:colcon.colcon_cmake.task.cmake.build:Building CMake package in '/home/joe/ysdrone_2024/src/px4_msgs'
[0.238s] INFO:colcon.colcon_core.plugin_system:Skipping extension 'colcon_core.shell.bat': Not used on non-Windows systems
[0.238s] INFO:colcon.colcon_core.shell:Skip shell extension 'powershell' for command environment: Not usable outside of PowerShell
[0.238s] DEBUG:colcon.colcon_core.shell:Skip shell extension 'dsv' for command environment
[0.244s] DEBUG:colcon.colcon_core.event_handler.log_command:Invoking command in '/home/joe/ysdrone_2024/build/px4_msgs': CMAKE_PREFIX_PATH=/opt/ros/humble /usr/bin/cmake --build /home/joe/ysdrone_2024/build/px4_msgs -- -j12 -l12
[1.375s] DEBUG:colcon.colcon_core.event_handler.log_command:Invoked command in '/home/joe/ysdrone_2024/build/px4_msgs' returned '0': CMAKE_PREFIX_PATH=/opt/ros/humble /usr/bin/cmake --build /home/joe/ysdrone_2024/build/px4_msgs -- -j12 -l12
[4.817s] DEBUG:colcon.colcon_core.event_handler.log_command:Invoking command in '/home/joe/ysdrone_2024/build/px4_msgs': CMAKE_PREFIX_PATH=/opt/ros/humble /usr/bin/cmake --install /home/joe/ysdrone_2024/build/px4_msgs
[5.068s] Level 1:colcon.colcon_core.environment:create_environment_scripts_only(px4_msgs)
[5.069s] DEBUG:colcon.colcon_core.event_handler.log_command:Invoked command in '/home/joe/ysdrone_2024/build/px4_msgs' returned '0': CMAKE_PREFIX_PATH=/opt/ros/humble /usr/bin/cmake --install /home/joe/ysdrone_2024/build/px4_msgs
[5.070s] Level 1:colcon.colcon_core.environment:checking '/home/joe/ysdrone_2024/install/px4_msgs' for CMake module files
[5.071s] Level 1:colcon.colcon_core.environment:checking '/home/joe/ysdrone_2024/install/px4_msgs' for CMake config files
[5.071s] Level 1:colcon.colcon_core.shell:create_environment_hook('px4_msgs', 'cmake_prefix_path')
[5.071s] INFO:colcon.colcon_core.shell:Creating environment hook '/home/joe/ysdrone_2024/install/px4_msgs/share/px4_msgs/hook/cmake_prefix_path.ps1'
[5.072s] INFO:colcon.colcon_core.shell:Creating environment descriptor '/home/joe/ysdrone_2024/install/px4_msgs/share/px4_msgs/hook/cmake_prefix_path.dsv'
[5.072s] INFO:colcon.colcon_core.shell:Creating environment hook '/home/joe/ysdrone_2024/install/px4_msgs/share/px4_msgs/hook/cmake_prefix_path.sh'
[5.073s] Level 1:colcon.colcon_core.environment:checking '/home/joe/ysdrone_2024/install/px4_msgs/lib'
[5.073s] Level 1:colcon.colcon_core.shell:create_environment_hook('px4_msgs', 'ld_library_path_lib')
[5.073s] INFO:colcon.colcon_core.shell:Creating environment hook '/home/joe/ysdrone_2024/install/px4_msgs/share/px4_msgs/hook/ld_library_path_lib.ps1'
[5.073s] INFO:colcon.colcon_core.shell:Creating environment descriptor '/home/joe/ysdrone_2024/install/px4_msgs/share/px4_msgs/hook/ld_library_path_lib.dsv'
[5.074s] INFO:colcon.colcon_core.shell:Creating environment hook '/home/joe/ysdrone_2024/install/px4_msgs/share/px4_msgs/hook/ld_library_path_lib.sh'
[5.074s] Level 1:colcon.colcon_core.environment:checking '/home/joe/ysdrone_2024/install/px4_msgs/bin'
[5.074s] Level 1:colcon.colcon_core.environment:checking '/home/joe/ysdrone_2024/install/px4_msgs/lib/pkgconfig/px4_msgs.pc'
[5.074s] Level 1:colcon.colcon_core.environment:checking '/home/joe/ysdrone_2024/install/px4_msgs/lib/python3.10/site-packages'
[5.074s] Level 1:colcon.colcon_core.environment:checking '/home/joe/ysdrone_2024/install/px4_msgs/bin'
[5.075s] INFO:colcon.colcon_core.shell:Creating package script '/home/joe/ysdrone_2024/install/px4_msgs/share/px4_msgs/package.ps1'
[5.075s] INFO:colcon.colcon_core.shell:Creating package descriptor '/home/joe/ysdrone_2024/install/px4_msgs/share/px4_msgs/package.dsv'
[5.076s] INFO:colcon.colcon_core.shell:Creating package script '/home/joe/ysdrone_2024/install/px4_msgs/share/px4_msgs/package.sh'
[5.076s] INFO:colcon.colcon_core.shell:Creating package script '/home/joe/ysdrone_2024/install/px4_msgs/share/px4_msgs/package.bash'
[5.077s] INFO:colcon.colcon_core.shell:Creating package script '/home/joe/ysdrone_2024/install/px4_msgs/share/px4_msgs/package.zsh'
[5.077s] Level 1:colcon.colcon_core.environment:create_file_with_runtime_dependencies(/home/joe/ysdrone_2024/install/px4_msgs/share/colcon-core/packages/px4_msgs)
[8.511s] Level 1:colcon.colcon_core.environment:create_environment_scripts_only(px4_msgs)
[8.511s] Level 1:colcon.colcon_core.environment:checking '/home/joe/ysdrone_2024/install/px4_msgs' for CMake module files
[8.511s] Level 1:colcon.colcon_core.environment:checking '/home/joe/ysdrone_2024/install/px4_msgs' for CMake config files
[8.512s] Level 1:colcon.colcon_core.shell:create_environment_hook('px4_msgs', 'cmake_prefix_path')
[8.512s] INFO:colcon.colcon_core.shell:Creating environment hook '/home/joe/ysdrone_2024/install/px4_msgs/share/px4_msgs/hook/cmake_prefix_path.ps1'
[8.512s] INFO:colcon.colcon_core.shell:Creating environment descriptor '/home/joe/ysdrone_2024/install/px4_msgs/share/px4_msgs/hook/cmake_prefix_path.dsv'
[8.512s] INFO:colcon.colcon_core.shell:Creating environment hook '/home/joe/ysdrone_2024/install/px4_msgs/share/px4_msgs/hook/cmake_prefix_path.sh'
[8.513s] Level 1:colcon.colcon_core.environment:checking '/home/joe/ysdrone_2024/install/px4_msgs/lib'
[8.513s] Level 1:colcon.colcon_core.shell:create_environment_hook('px4_msgs', 'ld_library_path_lib')
[8.513s] INFO:colcon.colcon_core.shell:Creating environment hook '/home/joe/ysdrone_2024/install/px4_msgs/share/px4_msgs/hook/ld_library_path_lib.ps1'
[8.513s] INFO:colcon.colcon_core.shell:Creating environment descriptor '/home/joe/ysdrone_2024/install/px4_msgs/share/px4_msgs/hook/ld_library_path_lib.dsv'
[8.513s] INFO:colcon.colcon_core.shell:Creating environment hook '/home/joe/ysdrone_2024/install/px4_msgs/share/px4_msgs/hook/ld_library_path_lib.sh'
[8.514s] Level 1:colcon.colcon_core.environment:checking '/home/joe/ysdrone_2024/install/px4_msgs/bin'
[8.514s] Level 1:colcon.colcon_core.environment:checking '/home/joe/ysdrone_2024/install/px4_msgs/lib/pkgconfig/px4_msgs.pc'
[8.514s] Level 1:colcon.colcon_core.environment:checking '/home/joe/ysdrone_2024/install/px4_msgs/lib/python3.10/site-packages'
[8.514s] Level 1:colcon.colcon_core.environment:checking '/home/joe/ysdrone_2024/install/px4_msgs/bin'
[8.514s] INFO:colcon.colcon_core.shell:Creating package script '/home/joe/ysdrone_2024/install/px4_msgs/share/px4_msgs/package.ps1'
[8.514s] INFO:colcon.colcon_core.shell:Creating package descriptor '/home/joe/ysdrone_2024/install/px4_msgs/share/px4_msgs/package.dsv'
[8.515s] INFO:colcon.colcon_core.shell:Creating package script '/home/joe/ysdrone_2024/install/px4_msgs/share/px4_msgs/package.sh'
[8.515s] INFO:colcon.colcon_core.shell:Creating package script '/home/joe/ysdrone_2024/install/px4_msgs/share/px4_msgs/package.bash'
[8.515s] INFO:colcon.colcon_core.shell:Creating package script '/home/joe/ysdrone_2024/install/px4_msgs/share/px4_msgs/package.zsh'
[8.515s] Level 1:colcon.colcon_core.environment:create_file_with_runtime_dependencies(/home/joe/ysdrone_2024/install/px4_msgs/share/colcon-core/packages/px4_msgs)
[8.516s] INFO:colcon.colcon_ros.task.ament_python.build:Building ROS package in '/home/joe/ysdrone_2024/src/mission_control' with build type 'ament_python'
[8.516s] Level 1:colcon.colcon_core.shell:create_environment_hook('mission_control', 'ament_prefix_path')
[8.516s] INFO:colcon.colcon_core.shell:Creating environment hook '/home/joe/ysdrone_2024/install/mission_control/share/mission_control/hook/ament_prefix_path.ps1'
[8.516s] INFO:colcon.colcon_core.shell:Creating environment descriptor '/home/joe/ysdrone_2024/install/mission_control/share/mission_control/hook/ament_prefix_path.dsv'
[8.517s] INFO:colcon.colcon_core.shell:Creating environment hook '/home/joe/ysdrone_2024/install/mission_control/share/mission_control/hook/ament_prefix_path.sh'
[8.517s] INFO:colcon.colcon_core.shell:Skip shell extension 'powershell' for command environment: Not usable outside of PowerShell
[8.517s] DEBUG:colcon.colcon_core.shell:Skip shell extension 'dsv' for command environment
[8.688s] INFO:colcon.colcon_core.task.python.build:Building Python package in '/home/joe/ysdrone_2024/src/mission_control'
[8.688s] INFO:colcon.colcon_core.shell:Skip shell extension 'powershell' for command environment: Not usable outside of PowerShell
[8.688s] DEBUG:colcon.colcon_core.shell:Skip shell extension 'dsv' for command environment
[8.900s] DEBUG:colcon.colcon_core.event_handler.log_command:Invoking command in '/home/joe/ysdrone_2024/src/mission_control': AMENT_PREFIX_PATH=/home/joe/ysdrone_2024/install/px4_msgs:${AMENT_PREFIX_PATH} CMAKE_PREFIX_PATH=/home/joe/ysdrone_2024/install/px4_msgs LD_LIBRARY_PATH=/home/joe/ysdrone_2024/install/px4_msgs/lib:${LD_LIBRARY_PATH} PYTHONPATH=/home/joe/ysdrone_2024/build/mission_control/prefix_override:/usr/lib/python3/dist-packages/colcon_core/task/python/colcon_distutils_commands:/home/joe/ysdrone_2024/install/mission_control/lib/python3.10/site-packages:/home/joe/ysdrone_2024/install/px4_msgs/local/lib/python3.10/dist-packages:${PYTHONPATH} /usr/bin/python3 -W ignore:setup.py install is deprecated setup.py egg_info --egg-base ../../build/mission_control build --build-base /home/joe/ysdrone_2024/build/mission_control/build install --record /home/joe/ysdrone_2024/build/mission_control/install.log --single-version-externally-managed install_data
[9.086s] Level 1:colcon.colcon_core.environment:checking '/home/joe/ysdrone_2024/install/mission_control' for CMake module files
[9.086s] DEBUG:colcon.colcon_core.event_handler.log_command:Invoked command in '/home/joe/ysdrone_2024/src/mission_control' returned '0': AMENT_PREFIX_PATH=/home/joe/ysdrone_2024/install/px4_msgs:${AMENT_PREFIX_PATH} CMAKE_PREFIX_PATH=/home/joe/ysdrone_2024/install/px4_msgs LD_LIBRARY_PATH=/home/joe/ysdrone_2024/install/px4_msgs/lib:${LD_LIBRARY_PATH} PYTHONPATH=/home/joe/ysdrone_2024/build/mission_control/prefix_override:/usr/lib/python3/dist-packages/colcon_core/task/python/colcon_distutils_commands:/home/joe/ysdrone_2024/install/mission_control/lib/python3.10/site-packages:/home/joe/ysdrone_2024/install/px4_msgs/local/lib/python3.10/dist-packages:${PYTHONPATH} /usr/bin/python3 -W ignore:setup.py install is deprecated setup.py egg_info --egg-base ../../build/mission_control build --build-base /home/joe/ysdrone_2024/build/mission_control/build install --record /home/joe/ysdrone_2024/build/mission_control/install.log --single-version-externally-managed install_data
[9.086s] Level 1:colcon.colcon_core.environment:checking '/home/joe/ysdrone_2024/install/mission_control' for CMake config files
[9.087s] Level 1:colcon.colcon_core.environment:checking '/home/joe/ysdrone_2024/install/mission_control/lib'
[9.087s] Level 1:colcon.colcon_core.environment:checking '/home/joe/ysdrone_2024/install/mission_control/bin'
[9.087s] Level 1:colcon.colcon_core.environment:checking '/home/joe/ysdrone_2024/install/mission_control/lib/pkgconfig/mission_control.pc'
[9.087s] Level 1:colcon.colcon_core.environment:checking '/home/joe/ysdrone_2024/install/mission_control/lib/python3.10/site-packages'
[9.087s] Level 1:colcon.colcon_core.shell:create_environment_hook('mission_control', 'pythonpath')
[9.087s] INFO:colcon.colcon_core.shell:Creating environment hook '/home/joe/ysdrone_2024/install/mission_control/share/mission_control/hook/pythonpath.ps1'
[9.088s] INFO:colcon.colcon_core.shell:Creating environment descriptor '/home/joe/ysdrone_2024/install/mission_control/share/mission_control/hook/pythonpath.dsv'
[9.088s] INFO:colcon.colcon_core.shell:Creating environment hook '/home/joe/ysdrone_2024/install/mission_control/share/mission_control/hook/pythonpath.sh'
[9.088s] Level 1:colcon.colcon_core.environment:checking '/home/joe/ysdrone_2024/install/mission_control/bin'
[9.088s] Level 1:colcon.colcon_core.environment:create_environment_scripts_only(mission_control)
[9.089s] INFO:colcon.colcon_core.shell:Creating package script '/home/joe/ysdrone_2024/install/mission_control/share/mission_control/package.ps1'
[9.089s] INFO:colcon.colcon_core.shell:Creating package descriptor '/home/joe/ysdrone_2024/install/mission_control/share/mission_control/package.dsv'
[9.089s] INFO:colcon.colcon_core.shell:Creating package script '/home/joe/ysdrone_2024/install/mission_control/share/mission_control/package.sh'
[9.090s] INFO:colcon.colcon_core.shell:Creating package script '/home/joe/ysdrone_2024/install/mission_control/share/mission_control/package.bash'
[9.090s] INFO:colcon.colcon_core.shell:Creating package script '/home/joe/ysdrone_2024/install/mission_control/share/mission_control/package.zsh'
[9.090s] Level 1:colcon.colcon_core.environment:create_file_with_runtime_dependencies(/home/joe/ysdrone_2024/install/mission_control/share/colcon-core/packages/mission_control)
[9.090s] DEBUG:colcon.colcon_parallel_executor.executor.parallel:closing loop
[9.091s] DEBUG:colcon.colcon_parallel_executor.executor.parallel:loop closed
[9.091s] DEBUG:colcon.colcon_parallel_executor.executor.parallel:run_until_complete finished with '0'
[9.091s] DEBUG:colcon.colcon_core.event_reactor:joining thread
[9.094s] INFO:colcon.colcon_core.plugin_system:Skipping extension 'colcon_notification.desktop_notification.terminal_notifier': Not used on non-Darwin systems
[9.094s] INFO:colcon.colcon_core.plugin_system:Skipping extension 'colcon_notification.desktop_notification.win32': Not used on non-Windows systems
[9.094s] INFO:colcon.colcon_notification.desktop_notification:Sending desktop notification using 'notify2'
[9.107s] DEBUG:colcon.colcon_core.event_reactor:joined thread
[9.108s] INFO:colcon.colcon_core.shell:Creating prefix script '/home/joe/ysdrone_2024/install/local_setup.ps1'
[9.108s] INFO:colcon.colcon_core.shell:Creating prefix util module '/home/joe/ysdrone_2024/install/_local_setup_util_ps1.py'
[9.109s] INFO:colcon.colcon_core.shell:Creating prefix chain script '/home/joe/ysdrone_2024/install/setup.ps1'
[9.110s] INFO:colcon.colcon_core.shell:Creating prefix script '/home/joe/ysdrone_2024/install/local_setup.sh'
[9.110s] INFO:colcon.colcon_core.shell:Creating prefix util module '/home/joe/ysdrone_2024/install/_local_setup_util_sh.py'
[9.111s] INFO:colcon.colcon_core.shell:Creating prefix chain script '/home/joe/ysdrone_2024/install/setup.sh'
[9.111s] INFO:colcon.colcon_core.shell:Creating prefix script '/home/joe/ysdrone_2024/install/local_setup.bash'
[9.112s] INFO:colcon.colcon_core.shell:Creating prefix chain script '/home/joe/ysdrone_2024/install/setup.bash'
[9.112s] INFO:colcon.colcon_core.shell:Creating prefix script '/home/joe/ysdrone_2024/install/local_setup.zsh'
[9.113s] INFO:colcon.colcon_core.shell:Creating prefix chain script '/home/joe/ysdrone_2024/install/setup.zsh'
